$ python nn1.py 
ll = [4, 1]
x=[1, -1, 1, 1],y=[0.0],out=[ 0.2324108],e=0.0
x=[0, 0, 0, 0],y=[1.0],out=[ 0.23582653],e=1.0
x=[-1, 0, 0, 1],y=[0.0],out=[ 0.2344794],e=0.0
x=[0, 1, 0, 0],y=[0.0],out=[ 0.2403423],e=0.0
x=[0, 0, 0, -1],y=[0.0],out=[ 0.23532568],e=0.0
x=[0, 0, -1, 1],y=[1.0],out=[ 0.23763146],e=1.0
x=[0, 1, 0, 0],y=[0.0],out=[ 0.2403423],e=0.0
x=[1, 0, 1, 0],y=[0.0],out=[ 0.23637903],e=0.0
x=[0, 0, 0, 0],y=[1.0],out=[ 0.23582653],e=1.0
x=[0, 0, 0, 1],y=[0.0],out=[ 0.23632812],e=0.0
x=[1, -1, 1, 1],y=[0.0],out=[ 0.2324108],e=0.0
x=[0, 0, 0, 0],y=[1.0],out=[ 0.23582653],e=1.0
x=[0, 1, 0, -1],y=[0.0],out=[ 0.23983486],e=0.0
x=[0, 0, 0, 0],y=[1.0],out=[ 0.23582653],e=1.0
x=[-1, 0, 1, 1],y=[0.0],out=[ 0.23318805],e=0.0
max e = 0.769909598531, maxout = [[0, -1, 1, 0], [1.0], array([ 0.2300904])]
[] second iter
x=[1, -1, 1, 1],y=[0.0],out=[ 0.2324108],e=0.0
x=[0, 0, 0, 0],y=[1.0],out=[ 0.23582653],e=1.0
x=[-1, 0, 0, 1],y=[0.0],out=[ 0.2344794],e=0.0
x=[0, 1, 0, 0],y=[0.0],out=[ 0.2403423],e=0.0
x=[0, 0, 0, -1],y=[0.0],out=[ 0.23532568],e=0.0
x=[0, 0, -1, 1],y=[1.0],out=[ 0.23763146],e=1.0
x=[0, 1, 0, 0],y=[0.0],out=[ 0.2403423],e=0.0
x=[1, 0, 1, 0],y=[0.0],out=[ 0.23637903],e=0.0
x=[0, 0, 0, 0],y=[1.0],out=[ 0.23582653],e=1.0
x=[0, 0, 0, 1],y=[0.0],out=[ 0.23632812],e=0.0
x=[1, -1, 1, 1],y=[0.0],out=[ 0.2324108],e=0.0
x=[0, 0, 0, 0],y=[1.0],out=[ 0.23582653],e=1.0
x=[0, 1, 0, -1],y=[0.0],out=[ 0.23983486],e=0.0
x=[0, 0, 0, 0],y=[1.0],out=[ 0.23582653],e=1.0
x=[-1, 0, 1, 1],y=[0.0],out=[ 0.23318805],e=0.0
max e = 0.769909598531, maxout = [[0, -1, 1, 0], [1.0], array([ 0.2300904])]
ll = [4, 4, 1]
x=[1, -1, 1, 1],y=[0.0],out=[ 0.01384166],e=0.0
x=[0, 0, 0, 0],y=[1.0],out=[ 0.99544658],e=0.0
x=[-1, 0, 0, 1],y=[0.0],out=[ 0.00025055],e=0.0
x=[0, 1, 0, 0],y=[0.0],out=[ 0.02458266],e=0.0
x=[0, 0, 0, -1],y=[0.0],out=[ 0.02267413],e=0.0
x=[0, 0, -1, 1],y=[1.0],out=[ 0.9857368],e=0.0
x=[0, 1, 0, 0],y=[0.0],out=[ 0.02458266],e=0.0
x=[1, 0, 1, 0],y=[0.0],out=[ 0.00011763],e=0.0
x=[0, 0, 0, 0],y=[1.0],out=[ 0.99544658],e=0.0
x=[0, 0, 0, 1],y=[0.0],out=[ 0.01493871],e=0.0
x=[1, -1, 1, 1],y=[0.0],out=[ 0.01384166],e=0.0
x=[0, 0, 0, 0],y=[1.0],out=[ 0.99544658],e=0.0
x=[0, 1, 0, -1],y=[0.0],out=[ 0.04929601],e=0.0
x=[0, 0, 0, 0],y=[1.0],out=[ 0.99544658],e=0.0
x=[-1, 0, 1, 1],y=[0.0],out=[ 0.01358645],e=0.0
max e = 0.239485137565, maxout = [[-1, 1, -1, 1], [1.0], array([ 0.76051486])]
[] second iter
x=[1, -1, 1, 1],y=[0.0],out=[ 0.00914053],e=0.0
x=[0, 0, 0, 0],y=[1.0],out=[ 0.99789792],e=0.0
x=[-1, 0, 0, 1],y=[0.0],out=[  6.86479418e-05],e=0.0
x=[0, 1, 0, 0],y=[0.0],out=[ 0.01666714],e=0.0
x=[0, 0, 0, -1],y=[0.0],out=[ 0.0159571],e=0.0
x=[0, 0, -1, 1],y=[1.0],out=[ 0.99366785],e=0.0
x=[0, 1, 0, 0],y=[0.0],out=[ 0.01666714],e=0.0
x=[1, 0, 1, 0],y=[0.0],out=[  3.01428734e-05],e=0.0
x=[0, 0, 0, 0],y=[1.0],out=[ 0.99789792],e=0.0
x=[0, 0, 0, 1],y=[0.0],out=[ 0.00969979],e=0.0
x=[1, -1, 1, 1],y=[0.0],out=[ 0.00914053],e=0.0
x=[0, 0, 0, 0],y=[1.0],out=[ 0.99789792],e=0.0
x=[0, 1, 0, -1],y=[0.0],out=[ 0.03163372],e=0.0
x=[0, 0, 0, 0],y=[1.0],out=[ 0.99789792],e=0.0
x=[-1, 0, 1, 1],y=[0.0],out=[ 0.00972355],e=0.0
max e = 0.14295294268, maxout = [[-1, 1, -1, 1], [1.0], array([ 0.85704706])]
ll = [4, 3, 1]
x=[1, -1, 1, 1],y=[0.0],out=[ 0.0022338],e=0.0
x=[0, 0, 0, 0],y=[1.0],out=[ 0.99802701],e=0.0
x=[-1, 0, 0, 1],y=[0.0],out=[ 0.01762617],e=0.0
x=[0, 1, 0, 0],y=[0.0],out=[ 0.00028574],e=0.0
x=[0, 0, 0, -1],y=[0.0],out=[ 0.00034526],e=0.0
x=[0, 0, -1, 1],y=[1.0],out=[ 0.97064179],e=0.0
x=[0, 1, 0, 0],y=[0.0],out=[ 0.00028574],e=0.0
x=[1, 0, 1, 0],y=[0.0],out=[ 0.00070084],e=0.0
x=[0, 0, 0, 0],y=[1.0],out=[ 0.99802701],e=0.0
x=[0, 0, 0, 1],y=[0.0],out=[ 0.00222779],e=0.0
x=[1, -1, 1, 1],y=[0.0],out=[ 0.0022338],e=0.0
x=[0, 0, 0, 0],y=[1.0],out=[ 0.99802701],e=0.0
x=[0, 1, 0, -1],y=[0.0],out=[ 0.06799815],e=0.0
x=[0, 0, 0, 0],y=[1.0],out=[ 0.99802701],e=0.0
x=[-1, 0, 1, 1],y=[0.0],out=[ 0.00109499],e=0.0
max e = 0.121952035439, maxout = [[-1, 1, -1, 1], [1.0], array([ 0.87804796])]
[] second iter
x=[1, -1, 1, 1],y=[0.0],out=[ 0.0014093],e=0.0
x=[0, 0, 0, 0],y=[1.0],out=[ 0.99935242],e=0.0
x=[-1, 0, 0, 1],y=[0.0],out=[ 0.01098562],e=0.0
x=[0, 1, 0, 0],y=[0.0],out=[ 0.00011565],e=0.0
x=[0, 0, 0, -1],y=[0.0],out=[ 0.00019912],e=0.0
x=[0, 0, -1, 1],y=[1.0],out=[ 0.98525468],e=0.0
x=[0, 1, 0, 0],y=[0.0],out=[ 0.00011565],e=0.0
x=[1, 0, 1, 0],y=[0.0],out=[ 0.0004051],e=0.0
x=[0, 0, 0, 0],y=[1.0],out=[ 0.99935242],e=0.0
x=[0, 0, 0, 1],y=[0.0],out=[ 0.00140353],e=0.0
x=[1, -1, 1, 1],y=[0.0],out=[ 0.0014093],e=0.0
x=[0, 0, 0, 0],y=[1.0],out=[ 0.99935242],e=0.0
x=[0, 1, 0, -1],y=[0.0],out=[ 0.04262595],e=0.0
x=[0, 0, 0, 0],y=[1.0],out=[ 0.99935242],e=0.0
x=[-1, 0, 1, 1],y=[0.0],out=[ 0.00054813],e=0.0
max e = 0.0787970146028, maxout = [[-1, 1, -1, 1], [1.0], array([ 0.92120299])]
ll = [4, 3, 2, 1]
x=[1, -1, 1, 1],y=[0.0],out=[ 0.03457051],e=0.0
x=[0, 0, 0, 0],y=[1.0],out=[ 0.98250417],e=0.0
x=[-1, 0, 0, 1],y=[0.0],out=[ 0.03461123],e=0.0
x=[0, 1, 0, 0],y=[0.0],out=[ 0.03363056],e=0.0
x=[0, 0, 0, -1],y=[0.0],out=[ 0.03407309],e=0.0
x=[0, 0, -1, 1],y=[1.0],out=[ 0.98251049],e=0.0
x=[0, 1, 0, 0],y=[0.0],out=[ 0.03363056],e=0.0
x=[1, 0, 1, 0],y=[0.0],out=[ 0.04313595],e=0.0
x=[0, 0, 0, 0],y=[1.0],out=[ 0.98250417],e=0.0
x=[0, 0, 0, 1],y=[0.0],out=[ 0.03458004],e=0.0
x=[1, -1, 1, 1],y=[0.0],out=[ 0.03457051],e=0.0
x=[0, 0, 0, 0],y=[1.0],out=[ 0.98250417],e=0.0
x=[0, 1, 0, -1],y=[0.0],out=[ 0.0335409],e=0.0
x=[0, 0, 0, 0],y=[1.0],out=[ 0.98250417],e=0.0
x=[-1, 0, 1, 1],y=[0.0],out=[ 0.0346291],e=0.0
max e = 0.966458737979, maxout = [[0, 1, -1, 0], [1.0], array([ 0.03354126])]
[] second iter
x=[1, -1, 1, 1],y=[0.0],out=[ 0.03573815],e=0.0
x=[0, 0, 0, 0],y=[1.0],out=[ 0.98803169],e=0.0
x=[-1, 0, 0, 1],y=[0.0],out=[ 0.03577192],e=0.0
x=[0, 1, 0, 0],y=[0.0],out=[ 0.03493374],e=0.0
x=[0, 0, 0, -1],y=[0.0],out=[ 0.03514042],e=0.0
x=[0, 0, -1, 1],y=[1.0],out=[ 0.98802397],e=0.0
x=[0, 1, 0, 0],y=[0.0],out=[ 0.03493374],e=0.0
x=[1, 0, 1, 0],y=[0.0],out=[ 0.03998162],e=0.0
x=[0, 0, 0, 0],y=[1.0],out=[ 0.98803169],e=0.0
x=[0, 0, 0, 1],y=[0.0],out=[ 0.03555842],e=0.0
x=[1, -1, 1, 1],y=[0.0],out=[ 0.03573815],e=0.0
x=[0, 0, 0, 0],y=[1.0],out=[ 0.98803169],e=0.0
x=[0, 1, 0, -1],y=[0.0],out=[ 0.03489615],e=0.0
x=[0, 0, 0, 0],y=[1.0],out=[ 0.98803169],e=0.0
x=[-1, 0, 1, 1],y=[0.0],out=[ 0.0357857],e=0.0
max e = 0.96510378395, maxout = [[0, 1, -1, 0], [1.0], array([ 0.03489622])]
ll = [4, 4, 4, 4, 1]
x=[1, -1, 1, 1],y=[0.0],out=[ 0.0003971],e=0.0
x=[0, 0, 0, 0],y=[1.0],out=[ 0.9986776],e=0.0
x=[-1, 0, 0, 1],y=[0.0],out=[ 0.00070542],e=0.0
x=[0, 1, 0, 0],y=[0.0],out=[ 0.00297595],e=0.0
x=[0, 0, 0, -1],y=[0.0],out=[ 0.00335049],e=0.0
x=[0, 0, -1, 1],y=[1.0],out=[ 0.99638049],e=0.0
x=[0, 1, 0, 0],y=[0.0],out=[ 0.00297595],e=0.0
x=[1, 0, 1, 0],y=[0.0],out=[ 0.00033632],e=0.0
x=[0, 0, 0, 0],y=[1.0],out=[ 0.9986776],e=0.0
x=[0, 0, 0, 1],y=[0.0],out=[ 0.00078706],e=0.0
x=[1, -1, 1, 1],y=[0.0],out=[ 0.0003971],e=0.0
x=[0, 0, 0, 0],y=[1.0],out=[ 0.9986776],e=0.0
x=[0, 1, 0, -1],y=[0.0],out=[ 0.01344351],e=0.0
x=[0, 0, 0, 0],y=[1.0],out=[ 0.9986776],e=0.0
x=[-1, 0, 1, 1],y=[0.0],out=[ 0.00042457],e=0.0
max e = 0.0497281657791, maxout = [[-1, 1, -1, 1], [1.0], array([ 0.95027183])]
[] second iter
x=[1, -1, 1, 1],y=[0.0],out=[ 0.00026638],e=0.0
x=[0, 0, 0, 0],y=[1.0],out=[ 0.99917375],e=0.0
x=[-1, 0, 0, 1],y=[0.0],out=[ 0.00046329],e=0.0
x=[0, 1, 0, 0],y=[0.0],out=[ 0.0018268],e=0.0
x=[0, 0, 0, -1],y=[0.0],out=[ 0.00218434],e=0.0
x=[0, 0, -1, 1],y=[1.0],out=[ 0.99757582],e=0.0
x=[0, 1, 0, 0],y=[0.0],out=[ 0.0018268],e=0.0
x=[1, 0, 1, 0],y=[0.0],out=[ 0.00023094],e=0.0
x=[0, 0, 0, 0],y=[1.0],out=[ 0.99917375],e=0.0
x=[0, 0, 0, 1],y=[0.0],out=[ 0.00048771],e=0.0
x=[1, -1, 1, 1],y=[0.0],out=[ 0.00026638],e=0.0
x=[0, 0, 0, 0],y=[1.0],out=[ 0.99917375],e=0.0
x=[0, 1, 0, -1],y=[0.0],out=[ 0.00842122],e=0.0
x=[0, 0, 0, 0],y=[1.0],out=[ 0.99917375],e=0.0
x=[-1, 0, 1, 1],y=[0.0],out=[ 0.00028727],e=0.0
max e = 0.0289764412339, maxout = [[-1, 1, -1, 1], [1.0], array([ 0.97102356])]
ll = [4, 8, 7, 6, 1]
x=[1, -1, 1, 1],y=[0.0],out=[ 0.00033961],e=0.0
x=[0, 0, 0, 0],y=[1.0],out=[ 0.99878989],e=0.0
x=[-1, 0, 0, 1],y=[0.0],out=[ 0.00054167],e=0.0
x=[0, 1, 0, 0],y=[0.0],out=[ 0.00473381],e=0.0
x=[0, 0, 0, -1],y=[0.0],out=[ 0.00128104],e=0.0
x=[0, 0, -1, 1],y=[1.0],out=[ 0.99815843],e=0.0
x=[0, 1, 0, 0],y=[0.0],out=[ 0.00473381],e=0.0
x=[1, 0, 1, 0],y=[0.0],out=[ 0.00037292],e=0.0
x=[0, 0, 0, 0],y=[1.0],out=[ 0.99878989],e=0.0
x=[0, 0, 0, 1],y=[0.0],out=[ 0.00086571],e=0.0
x=[1, -1, 1, 1],y=[0.0],out=[ 0.00033961],e=0.0
x=[0, 0, 0, 0],y=[1.0],out=[ 0.99878989],e=0.0
x=[0, 1, 0, -1],y=[0.0],out=[ 0.01351243],e=0.0
x=[0, 0, 0, 0],y=[1.0],out=[ 0.99878989],e=0.0
x=[-1, 0, 1, 1],y=[0.0],out=[ 0.00031512],e=0.0
max e = 0.038502451957, maxout = [[1, -1, 1, -1], [1.0], array([ 0.96149755])]
[] second iter
x=[1, -1, 1, 1],y=[0.0],out=[ 0.00021064],e=0.0
x=[0, 0, 0, 0],y=[1.0],out=[ 0.9992145],e=0.0
x=[-1, 0, 0, 1],y=[0.0],out=[ 0.00032415],e=0.0
x=[0, 1, 0, 0],y=[0.0],out=[ 0.00315692],e=0.0
x=[0, 0, 0, -1],y=[0.0],out=[ 0.00091726],e=0.0
x=[0, 0, -1, 1],y=[1.0],out=[ 0.9988411],e=0.0
x=[0, 1, 0, 0],y=[0.0],out=[ 0.00315692],e=0.0
x=[1, 0, 1, 0],y=[0.0],out=[ 0.00023787],e=0.0
x=[0, 0, 0, 0],y=[1.0],out=[ 0.9992145],e=0.0
x=[0, 0, 0, 1],y=[0.0],out=[ 0.00053471],e=0.0
x=[1, -1, 1, 1],y=[0.0],out=[ 0.00021064],e=0.0
x=[0, 0, 0, 0],y=[1.0],out=[ 0.9992145],e=0.0
x=[0, 1, 0, -1],y=[0.0],out=[ 0.00862289],e=0.0
x=[0, 0, 0, 0],y=[1.0],out=[ 0.9992145],e=0.0
x=[-1, 0, 1, 1],y=[0.0],out=[ 0.00019557],e=0.0
max e = 0.0247023382579, maxout = [[1, -1, 1, -1], [1.0], array([ 0.97529766])]
ll = [4, 8, 1]
x=[1, -1, 1, 1],y=[0.0],out=[ 0.03686575],e=0.0
x=[0, 0, 0, 0],y=[1.0],out=[ 0.99259305],e=0.0
x=[-1, 0, 0, 1],y=[0.0],out=[ 0.00485228],e=0.0
x=[0, 1, 0, 0],y=[0.0],out=[ 0.00290235],e=0.0
x=[0, 0, 0, -1],y=[0.0],out=[ 0.00044278],e=0.0
x=[0, 0, -1, 1],y=[1.0],out=[ 0.98288805],e=0.0
x=[0, 1, 0, 0],y=[0.0],out=[ 0.00290235],e=0.0
x=[1, 0, 1, 0],y=[0.0],out=[ 0.00044142],e=0.0
x=[0, 0, 0, 0],y=[1.0],out=[ 0.99259305],e=0.0
x=[0, 0, 0, 1],y=[0.0],out=[ 0.01224543],e=0.0
x=[1, -1, 1, 1],y=[0.0],out=[ 0.03686575],e=0.0
x=[0, 0, 0, 0],y=[1.0],out=[ 0.99259305],e=0.0
x=[0, 1, 0, -1],y=[0.0],out=[ 0.03466532],e=0.0
x=[0, 0, 0, 0],y=[1.0],out=[ 0.99259305],e=0.0
x=[-1, 0, 1, 1],y=[0.0],out=[ 0.00045988],e=0.0
max e = 0.0978339499455, maxout = [[1, -1, 1, -1], [1.0], array([ 0.90216605])]
[] second iter
x=[1, -1, 1, 1],y=[0.0],out=[ 0.02838453],e=0.0
x=[0, 0, 0, 0],y=[1.0],out=[ 0.9955405],e=0.0
x=[-1, 0, 0, 1],y=[0.0],out=[ 0.00282807],e=0.0
x=[0, 1, 0, 0],y=[0.0],out=[ 0.0015114],e=0.0
x=[0, 0, 0, -1],y=[0.0],out=[ 0.00016512],e=0.0
x=[0, 0, -1, 1],y=[1.0],out=[ 0.98967472],e=0.0
x=[0, 1, 0, 0],y=[0.0],out=[ 0.0015114],e=0.0
x=[1, 0, 1, 0],y=[0.0],out=[ 0.00018229],e=0.0
x=[0, 0, 0, 0],y=[1.0],out=[ 0.9955405],e=0.0
x=[0, 0, 0, 1],y=[0.0],out=[ 0.00877998],e=0.0
x=[1, -1, 1, 1],y=[0.0],out=[ 0.02838453],e=0.0
x=[0, 0, 0, 0],y=[1.0],out=[ 0.9955405],e=0.0
x=[0, 1, 0, -1],y=[0.0],out=[ 0.02360543],e=0.0
x=[0, 0, 0, 0],y=[1.0],out=[ 0.9955405],e=0.0
x=[-1, 0, 1, 1],y=[0.0],out=[ 0.00028989],e=0.0
max e = 0.0644908809505, maxout = [[1, -1, 1, -1], [1.0], array([ 0.93550912])]
ll = [4, 16, 1]
x=[1, -1, 1, 1],y=[0.0],out=[  1.34668165e-05],e=0.0
x=[0, 0, 0, 0],y=[1.0],out=[ 0.99536995],e=0.0
x=[-1, 0, 0, 1],y=[0.0],out=[ 0.00161881],e=0.0
x=[0, 1, 0, 0],y=[0.0],out=[ 0.00709611],e=0.0
x=[0, 0, 0, -1],y=[0.0],out=[ 0.00232454],e=0.0
x=[0, 0, -1, 1],y=[1.0],out=[ 0.98140016],e=0.0
x=[0, 1, 0, 0],y=[0.0],out=[ 0.00709611],e=0.0
x=[1, 0, 1, 0],y=[0.0],out=[ 0.00153307],e=0.0
x=[0, 0, 0, 0],y=[1.0],out=[ 0.99536995],e=0.0
x=[0, 0, 0, 1],y=[0.0],out=[ 0.00386084],e=0.0
x=[1, -1, 1, 1],y=[0.0],out=[  1.34668165e-05],e=0.0
x=[0, 0, 0, 0],y=[1.0],out=[ 0.99536995],e=0.0
x=[0, 1, 0, -1],y=[0.0],out=[ 0.02989729],e=0.0
x=[0, 0, 0, 0],y=[1.0],out=[ 0.99536995],e=0.0
x=[-1, 0, 1, 1],y=[0.0],out=[ 0.00262943],e=0.0
max e = 0.0667123603454, maxout = [[-1, 1, -1, 1], [1.0], array([ 0.93328764])]
[] second iter
x=[1, -1, 1, 1],y=[0.0],out=[  5.00094967e-06],e=0.0
x=[0, 0, 0, 0],y=[1.0],out=[ 0.99701015],e=0.0
x=[-1, 0, 0, 1],y=[0.0],out=[ 0.00067335],e=0.0
x=[0, 1, 0, 0],y=[0.0],out=[ 0.00429087],e=0.0
x=[0, 0, 0, -1],y=[0.0],out=[ 0.00098766],e=0.0
x=[0, 0, -1, 1],y=[1.0],out=[ 0.98755267],e=0.0
x=[0, 1, 0, 0],y=[0.0],out=[ 0.00429087],e=0.0
x=[1, 0, 1, 0],y=[0.0],out=[ 0.00103331],e=0.0
x=[0, 0, 0, 0],y=[1.0],out=[ 0.99701015],e=0.0
x=[0, 0, 0, 1],y=[0.0],out=[ 0.00196273],e=0.0
x=[1, -1, 1, 1],y=[0.0],out=[  5.00094967e-06],e=0.0
x=[0, 0, 0, 0],y=[1.0],out=[ 0.99701015],e=0.0
x=[0, 1, 0, -1],y=[0.0],out=[ 0.01940219],e=0.0
x=[0, 0, 0, 0],y=[1.0],out=[ 0.99701015],e=0.0
x=[-1, 0, 1, 1],y=[0.0],out=[ 0.00125719],e=0.0
max e = 0.0433655095318, maxout = [[-1, 1, -1, 1], [1.0], array([ 0.95663449])]
ll = [4, 8, 16, 1]
x=[1, -1, 1, 1],y=[0.0],out=[ 0.00049061],e=0.0
x=[0, 0, 0, 0],y=[1.0],out=[ 0.99842017],e=0.0
x=[-1, 0, 0, 1],y=[0.0],out=[ 0.00093545],e=0.0
x=[0, 1, 0, 0],y=[0.0],out=[ 0.00426686],e=0.0
x=[0, 0, 0, -1],y=[0.0],out=[ 0.00019353],e=0.0
x=[0, 0, -1, 1],y=[1.0],out=[ 0.99310842],e=0.0
x=[0, 1, 0, 0],y=[0.0],out=[ 0.00426686],e=0.0
x=[1, 0, 1, 0],y=[0.0],out=[ 0.00226439],e=0.0
x=[0, 0, 0, 0],y=[1.0],out=[ 0.99842017],e=0.0
x=[0, 0, 0, 1],y=[0.0],out=[ 0.00117248],e=0.0
x=[1, -1, 1, 1],y=[0.0],out=[ 0.00049061],e=0.0
x=[0, 0, 0, 0],y=[1.0],out=[ 0.99842017],e=0.0
x=[0, 1, 0, -1],y=[0.0],out=[ 0.00820086],e=0.0
x=[0, 0, 0, 0],y=[1.0],out=[ 0.99842017],e=0.0
x=[-1, 0, 1, 1],y=[0.0],out=[ 0.00040958],e=0.0
max e = 0.039641870869, maxout = [[1, -1, -1, 1], [1.0], array([ 0.96035813])]
[] second iter
x=[1, -1, 1, 1],y=[0.0],out=[ 0.000325],e=0.0
x=[0, 0, 0, 0],y=[1.0],out=[ 0.99902647],e=0.0
x=[-1, 0, 0, 1],y=[0.0],out=[ 0.00050146],e=0.0
x=[0, 1, 0, 0],y=[0.0],out=[ 0.00279021],e=0.0
x=[0, 0, 0, -1],y=[0.0],out=[  7.85697911e-05],e=0.0
x=[0, 0, -1, 1],y=[1.0],out=[ 0.99551793],e=0.0
x=[0, 1, 0, 0],y=[0.0],out=[ 0.00279021],e=0.0
x=[1, 0, 1, 0],y=[0.0],out=[ 0.00137698],e=0.0
x=[0, 0, 0, 0],y=[1.0],out=[ 0.99902647],e=0.0
x=[0, 0, 0, 1],y=[0.0],out=[ 0.0006269],e=0.0
x=[1, -1, 1, 1],y=[0.0],out=[ 0.000325],e=0.0
x=[0, 0, 0, 0],y=[1.0],out=[ 0.99902647],e=0.0
x=[0, 1, 0, -1],y=[0.0],out=[ 0.00574569],e=0.0
x=[0, 0, 0, 0],y=[1.0],out=[ 0.99902647],e=0.0
x=[-1, 0, 1, 1],y=[0.0],out=[ 0.00017904],e=0.0
max e = 0.0228787876263, maxout = [[1, -1, -1, 1], [1.0], array([ 0.97712121])]
ll = [4, 8, 12, 16, 1]
x=[1, -1, 1, 1],y=[0.0],out=[ 0.00175891],e=0.0
x=[0, 0, 0, 0],y=[1.0],out=[ 0.9982549],e=0.0
x=[-1, 0, 0, 1],y=[0.0],out=[  6.41698988e-05],e=0.0
x=[0, 1, 0, 0],y=[0.0],out=[ 0.00363682],e=0.0
x=[0, 0, 0, -1],y=[0.0],out=[ 0.00024859],e=0.0
x=[0, 0, -1, 1],y=[1.0],out=[ 0.99652],e=0.0
x=[0, 1, 0, 0],y=[0.0],out=[ 0.00363682],e=0.0
x=[1, 0, 1, 0],y=[0.0],out=[  7.31187048e-05],e=0.0
x=[0, 0, 0, 0],y=[1.0],out=[ 0.9982549],e=0.0
x=[0, 0, 0, 1],y=[0.0],out=[ 0.00010878],e=0.0
x=[1, -1, 1, 1],y=[0.0],out=[ 0.00175891],e=0.0
x=[0, 0, 0, 0],y=[1.0],out=[ 0.9982549],e=0.0
x=[0, 1, 0, -1],y=[0.0],out=[ 0.00905485],e=0.0
x=[0, 0, 0, 0],y=[1.0],out=[ 0.9982549],e=0.0
x=[-1, 0, 1, 1],y=[0.0],out=[  5.06127453e-05],e=0.0
max e = 0.02865941275, maxout = [[-1, 1, -1, 1], [1.0], array([ 0.97134059])]
[] second iter
x=[1, -1, 1, 1],y=[0.0],out=[ 0.00151068],e=0.0
x=[0, 0, 0, 0],y=[1.0],out=[ 0.99879855],e=0.0
x=[-1, 0, 0, 1],y=[0.0],out=[  4.01746752e-05],e=0.0
x=[0, 1, 0, 0],y=[0.0],out=[ 0.00240036],e=0.0
x=[0, 0, 0, -1],y=[0.0],out=[ 0.00015574],e=0.0
x=[0, 0, -1, 1],y=[1.0],out=[ 0.99768803],e=0.0
x=[0, 1, 0, 0],y=[0.0],out=[ 0.00240036],e=0.0
x=[1, 0, 1, 0],y=[0.0],out=[  4.67442800e-05],e=0.0
x=[0, 0, 0, 0],y=[1.0],out=[ 0.99879855],e=0.0
x=[0, 0, 0, 1],y=[0.0],out=[  6.71649387e-05],e=0.0
x=[1, -1, 1, 1],y=[0.0],out=[ 0.00151068],e=0.0
x=[0, 0, 0, 0],y=[1.0],out=[ 0.99879855],e=0.0
x=[0, 1, 0, -1],y=[0.0],out=[ 0.0059211],e=0.0
x=[0, 0, 0, 0],y=[1.0],out=[ 0.99879855],e=0.0
x=[-1, 0, 1, 1],y=[0.0],out=[  2.95457668e-05],e=0.0
max e = 0.0187201660264, maxout = [[-1, 1, -1, 1], [1.0], array([ 0.98127983])]
ll = [4, 16, 12, 8, 4, 1]
x=[1, -1, 1, 1],y=[0.0],out=[ 0.00084532],e=0.0
x=[0, 0, 0, 0],y=[1.0],out=[ 0.9970286],e=0.0
x=[-1, 0, 0, 1],y=[0.0],out=[ 0.00199301],e=0.0
x=[0, 1, 0, 0],y=[0.0],out=[ 0.00279062],e=0.0
x=[0, 0, 0, -1],y=[0.0],out=[ 0.00355486],e=0.0
x=[0, 0, -1, 1],y=[1.0],out=[ 0.99348485],e=0.0
x=[0, 1, 0, 0],y=[0.0],out=[ 0.00279062],e=0.0
x=[1, 0, 1, 0],y=[0.0],out=[ 0.00203164],e=0.0
x=[0, 0, 0, 0],y=[1.0],out=[ 0.9970286],e=0.0
x=[0, 0, 0, 1],y=[0.0],out=[ 0.00161991],e=0.0
x=[1, -1, 1, 1],y=[0.0],out=[ 0.00084532],e=0.0
x=[0, 0, 0, 0],y=[1.0],out=[ 0.9970286],e=0.0
x=[0, 1, 0, -1],y=[0.0],out=[ 0.00707281],e=0.0
x=[0, 0, 0, 0],y=[1.0],out=[ 0.9970286],e=0.0
x=[-1, 0, 1, 1],y=[0.0],out=[ 0.00233817],e=0.0
max e = 0.0228414057294, maxout = [[-1, 1, -1, 1], [1.0], array([ 0.97715859])]
[] second iter
x=[1, -1, 1, 1],y=[0.0],out=[ 0.00062866],e=0.0
x=[0, 0, 0, 0],y=[1.0],out=[ 0.99788679],e=0.0
x=[-1, 0, 0, 1],y=[0.0],out=[ 0.00140489],e=0.0
x=[0, 1, 0, 0],y=[0.0],out=[ 0.00194413],e=0.0
x=[0, 0, 0, -1],y=[0.0],out=[ 0.00244705],e=0.0
x=[0, 0, -1, 1],y=[1.0],out=[ 0.99550479],e=0.0
x=[0, 1, 0, 0],y=[0.0],out=[ 0.00194413],e=0.0
x=[1, 0, 1, 0],y=[0.0],out=[ 0.00143676],e=0.0
x=[0, 0, 0, 0],y=[1.0],out=[ 0.99788679],e=0.0
x=[0, 0, 0, 1],y=[0.0],out=[ 0.00112083],e=0.0
x=[1, -1, 1, 1],y=[0.0],out=[ 0.00062866],e=0.0
x=[0, 0, 0, 0],y=[1.0],out=[ 0.99788679],e=0.0
x=[0, 1, 0, -1],y=[0.0],out=[ 0.00482301],e=0.0
x=[0, 0, 0, 0],y=[1.0],out=[ 0.99788679],e=0.0
x=[-1, 0, 1, 1],y=[0.0],out=[ 0.00165966],e=0.0
max e = 0.0149894938969, maxout = [[-1, 1, -1, 1], [1.0], array([ 0.98501051])]
ll = [4, 1]
x=[1, -1, 1, 1],y=[0.0],out=[ 0.2324108],e=0.0
x=[0, 0, 0, 0],y=[1.0],out=[ 0.23582653],e=1.0
x=[-1, 0, 0, 1],y=[0.0],out=[ 0.2344794],e=0.0
x=[0, 1, 0, 0],y=[0.0],out=[ 0.2403423],e=0.0
x=[0, 0, 0, -1],y=[0.0],out=[ 0.23532568],e=0.0
x=[0, 0, -1, 1],y=[1.0],out=[ 0.23763146],e=1.0
x=[0, 1, 0, 0],y=[0.0],out=[ 0.2403423],e=0.0
x=[1, 0, 1, 0],y=[0.0],out=[ 0.23637903],e=0.0
x=[0, 0, 0, 0],y=[1.0],out=[ 0.23582653],e=1.0
x=[0, 0, 0, 1],y=[0.0],out=[ 0.23632812],e=0.0
x=[1, -1, 1, 1],y=[0.0],out=[ 0.2324108],e=0.0
x=[0, 0, 0, 0],y=[1.0],out=[ 0.23582653],e=1.0
x=[0, 1, 0, -1],y=[0.0],out=[ 0.23983486],e=0.0
x=[0, 0, 0, 0],y=[1.0],out=[ 0.23582653],e=1.0
x=[-1, 0, 1, 1],y=[0.0],out=[ 0.23318805],e=0.0
max e = 0.769909598531, maxout = [[0, -1, 1, 0], [1.0], array([ 0.2300904])]
[] second iter
x=[1, -1, 1, 1],y=[0.0],out=[ 0.2324108],e=0.0
x=[0, 0, 0, 0],y=[1.0],out=[ 0.23582653],e=1.0
x=[-1, 0, 0, 1],y=[0.0],out=[ 0.2344794],e=0.0
x=[0, 1, 0, 0],y=[0.0],out=[ 0.2403423],e=0.0
x=[0, 0, 0, -1],y=[0.0],out=[ 0.23532568],e=0.0
x=[0, 0, -1, 1],y=[1.0],out=[ 0.23763146],e=1.0
x=[0, 1, 0, 0],y=[0.0],out=[ 0.2403423],e=0.0
x=[1, 0, 1, 0],y=[0.0],out=[ 0.23637903],e=0.0
x=[0, 0, 0, 0],y=[1.0],out=[ 0.23582653],e=1.0
x=[0, 0, 0, 1],y=[0.0],out=[ 0.23632812],e=0.0
x=[1, -1, 1, 1],y=[0.0],out=[ 0.2324108],e=0.0
x=[0, 0, 0, 0],y=[1.0],out=[ 0.23582653],e=1.0
x=[0, 1, 0, -1],y=[0.0],out=[ 0.23983486],e=0.0
x=[0, 0, 0, 0],y=[1.0],out=[ 0.23582653],e=1.0
x=[-1, 0, 1, 1],y=[0.0],out=[ 0.23318805],e=0.0
max e = 0.769909598531, maxout = [[0, -1, 1, 0], [1.0], array([ 0.2300904])]
ll = [4, 4, 1]
x=[1, -1, 1, 1],y=[0.0],out=[ 0.01350506],e=0.0
x=[0, 0, 0, 0],y=[1.0],out=[ 0.98405977],e=0.0
x=[-1, 0, 0, 1],y=[0.0],out=[ 0.00744189],e=0.0
x=[0, 1, 0, 0],y=[0.0],out=[ 0.00602022],e=0.0
x=[0, 0, 0, -1],y=[0.0],out=[ 0.0008587],e=0.0
x=[0, 0, -1, 1],y=[1.0],out=[ 0.99307352],e=0.0
x=[0, 1, 0, 0],y=[0.0],out=[ 0.00602022],e=0.0
x=[1, 0, 1, 0],y=[0.0],out=[ 0.00933202],e=0.0
x=[0, 0, 0, 0],y=[1.0],out=[ 0.98405977],e=0.0
x=[0, 0, 0, 1],y=[0.0],out=[ 0.02159819],e=0.0
x=[1, -1, 1, 1],y=[0.0],out=[ 0.01350506],e=0.0
x=[0, 0, 0, 0],y=[1.0],out=[ 0.98405977],e=0.0
x=[0, 1, 0, -1],y=[0.0],out=[ 0.00162389],e=0.0
x=[0, 0, 0, 0],y=[1.0],out=[ 0.98405977],e=0.0
x=[-1, 0, 1, 1],y=[0.0],out=[ 0.01345238],e=0.0
max e = 0.995825086484, maxout = [[0, 1, -1, 0], [1.0], array([ 0.00417491])]
[] second iter
x=[1, -1, 1, 1],y=[0.0],out=[ 0.01138246],e=0.0
x=[0, 0, 0, 0],y=[1.0],out=[ 0.98724793],e=0.0
x=[-1, 0, 0, 1],y=[0.0],out=[ 0.00254071],e=0.0
x=[0, 1, 0, 0],y=[0.0],out=[ 0.05204764],e=0.0
x=[0, 0, 0, -1],y=[0.0],out=[ 0.00229317],e=0.0
x=[0, 0, -1, 1],y=[1.0],out=[ 0.99303425],e=0.0
x=[0, 1, 0, 0],y=[0.0],out=[ 0.05204764],e=0.0
x=[1, 0, 1, 0],y=[0.0],out=[ 0.04649782],e=0.0
x=[0, 0, 0, 0],y=[1.0],out=[ 0.98724793],e=0.0
x=[0, 0, 0, 1],y=[0.0],out=[ 0.01580008],e=0.0
x=[1, -1, 1, 1],y=[0.0],out=[ 0.01138246],e=0.0
x=[0, 0, 0, 0],y=[1.0],out=[ 0.98724793],e=0.0
x=[0, 1, 0, -1],y=[0.0],out=[ 0.04704762],e=0.0
x=[0, 0, 0, 0],y=[1.0],out=[ 0.98724793],e=0.0
x=[-1, 0, 1, 1],y=[0.0],out=[ 0.01116959],e=0.0
max e = 0.950439470472, maxout = [[0, 1, -1, 0], [1.0], array([ 0.04956053])]
ll = [4, 3, 1]
x=[1, -1, 1, 1],y=[0.0],out=[ 0.00836706],e=0.0
x=[0, 0, 0, 0],y=[1.0],out=[ 0.99541866],e=0.0
x=[-1, 0, 0, 1],y=[0.0],out=[ 0.0068873],e=0.0
x=[0, 1, 0, 0],y=[0.0],out=[ 0.01431407],e=0.0
x=[0, 0, 0, -1],y=[0.0],out=[ 0.01633582],e=0.0
x=[0, 0, -1, 1],y=[1.0],out=[ 0.99378562],e=0.0
x=[0, 1, 0, 0],y=[0.0],out=[ 0.01431407],e=0.0
x=[1, 0, 1, 0],y=[0.0],out=[ 0.01217723],e=0.0
x=[0, 0, 0, 0],y=[1.0],out=[ 0.99541866],e=0.0
x=[0, 0, 0, 1],y=[0.0],out=[ 0.02180107],e=0.0
x=[1, -1, 1, 1],y=[0.0],out=[ 0.00836706],e=0.0
x=[0, 0, 0, 0],y=[1.0],out=[ 0.99541866],e=0.0
x=[0, 1, 0, -1],y=[0.0],out=[ 0.06169865],e=0.0
x=[0, 0, 0, 0],y=[1.0],out=[ 0.99541866],e=0.0
x=[-1, 0, 1, 1],y=[0.0],out=[ 0.00047061],e=0.0
max e = 0.206980527978, maxout = [[1, -1, 1, -1], [1.0], array([ 0.79301947])]
[] second iter
x=[1, -1, 1, 1],y=[0.0],out=[ 0.00619968],e=0.0
x=[0, 0, 0, 0],y=[1.0],out=[ 0.99790825],e=0.0
x=[-1, 0, 0, 1],y=[0.0],out=[ 0.00382666],e=0.0
x=[0, 1, 0, 0],y=[0.0],out=[ 0.0091154],e=0.0
x=[0, 0, 0, -1],y=[0.0],out=[ 0.01079979],e=0.0
x=[0, 0, -1, 1],y=[1.0],out=[ 0.99730699],e=0.0
x=[0, 1, 0, 0],y=[0.0],out=[ 0.0091154],e=0.0
x=[1, 0, 1, 0],y=[0.0],out=[ 0.0080585],e=0.0
x=[0, 0, 0, 0],y=[1.0],out=[ 0.99790825],e=0.0
x=[0, 0, 0, 1],y=[0.0],out=[ 0.0158879],e=0.0
x=[1, -1, 1, 1],y=[0.0],out=[ 0.00619968],e=0.0
x=[0, 0, 0, 0],y=[1.0],out=[ 0.99790825],e=0.0
x=[0, 1, 0, -1],y=[0.0],out=[ 0.03962615],e=0.0
x=[0, 0, 0, 0],y=[1.0],out=[ 0.99790825],e=0.0
x=[-1, 0, 1, 1],y=[0.0],out=[ 0.000216],e=0.0
max e = 0.132314213008, maxout = [[1, -1, 1, -1], [1.0], array([ 0.86768579])]
ll = [4, 3, 2, 1]
x=[1, -1, 1, 1],y=[0.0],out=[ 0.00400951],e=0.0
x=[0, 0, 0, 0],y=[1.0],out=[ 0.99705888],e=0.0
x=[-1, 0, 0, 1],y=[0.0],out=[ 0.00187098],e=0.0
x=[0, 1, 0, 0],y=[0.0],out=[ 0.00067213],e=0.0
x=[0, 0, 0, -1],y=[0.0],out=[ 0.00728758],e=0.0
x=[0, 0, -1, 1],y=[1.0],out=[ 0.97426986],e=0.0
x=[0, 1, 0, 0],y=[0.0],out=[ 0.00067213],e=0.0
x=[1, 0, 1, 0],y=[0.0],out=[ 0.00409489],e=0.0
x=[0, 0, 0, 0],y=[1.0],out=[ 0.99705888],e=0.0
x=[0, 0, 0, 1],y=[0.0],out=[ 0.00130476],e=0.0
x=[1, -1, 1, 1],y=[0.0],out=[ 0.00400951],e=0.0
x=[0, 0, 0, 0],y=[1.0],out=[ 0.99705888],e=0.0
x=[0, 1, 0, -1],y=[0.0],out=[ 0.02363534],e=0.0
x=[0, 0, 0, 0],y=[1.0],out=[ 0.99705888],e=0.0
x=[-1, 0, 1, 1],y=[0.0],out=[ 0.00049338],e=0.0
max e = 0.999432551157, maxout = [[1, -1, -1, 1], [1.0], array([ 0.00056745])]
[] second iter
x=[1, -1, 1, 1],y=[0.0],out=[ 0.00438304],e=0.0
x=[0, 0, 0, 0],y=[1.0],out=[ 0.9986981],e=0.0
x=[-1, 0, 0, 1],y=[0.0],out=[ 0.00224341],e=0.0
x=[0, 1, 0, 0],y=[0.0],out=[ 0.00059329],e=0.0
x=[0, 0, 0, -1],y=[0.0],out=[ 0.00542339],e=0.0
x=[0, 0, -1, 1],y=[1.0],out=[ 0.97967779],e=0.0
x=[0, 1, 0, 0],y=[0.0],out=[ 0.00059329],e=0.0
x=[1, 0, 1, 0],y=[0.0],out=[ 0.00442919],e=0.0
x=[0, 0, 0, 0],y=[1.0],out=[ 0.9986981],e=0.0
x=[0, 0, 0, 1],y=[0.0],out=[ 0.00182309],e=0.0
x=[1, -1, 1, 1],y=[0.0],out=[ 0.00438304],e=0.0
x=[0, 0, 0, 0],y=[1.0],out=[ 0.9986981],e=0.0
x=[0, 1, 0, -1],y=[0.0],out=[ 0.01293879],e=0.0
x=[0, 0, 0, 0],y=[1.0],out=[ 0.9986981],e=0.0
x=[-1, 0, 1, 1],y=[0.0],out=[ 0.00053986],e=0.0
max e = 0.999303520554, maxout = [[1, -1, -1, 1], [1.0], array([ 0.00069648])]
ll = [4, 4, 4, 4, 1]
x=[1, -1, 1, 1],y=[0.0],out=[ 0.00050347],e=0.0
x=[0, 0, 0, 0],y=[1.0],out=[ 0.99681379],e=0.0
x=[-1, 0, 0, 1],y=[0.0],out=[ 0.00121216],e=0.0
x=[0, 1, 0, 0],y=[0.0],out=[ 0.000278],e=0.0
x=[0, 0, 0, -1],y=[0.0],out=[ 0.00015854],e=0.0
x=[0, 0, -1, 1],y=[1.0],out=[ 0.99668827],e=0.0
x=[0, 1, 0, 0],y=[0.0],out=[ 0.000278],e=0.0
x=[1, 0, 1, 0],y=[0.0],out=[ 0.00022197],e=0.0
x=[0, 0, 0, 0],y=[1.0],out=[ 0.99681379],e=0.0
x=[0, 0, 0, 1],y=[0.0],out=[ 0.00054648],e=0.0
x=[1, -1, 1, 1],y=[0.0],out=[ 0.00050347],e=0.0
x=[0, 0, 0, 0],y=[1.0],out=[ 0.99681379],e=0.0
x=[0, 1, 0, -1],y=[0.0],out=[ 0.01137099],e=0.0
x=[0, 0, 0, 0],y=[1.0],out=[ 0.99681379],e=0.0
x=[-1, 0, 1, 1],y=[0.0],out=[ 0.00041158],e=0.0
max e = 0.0390541472057, maxout = [[-1, -1, 1, 1], [0.0], array([ 0.03905415])]
[] second iter
x=[1, -1, 1, 1],y=[0.0],out=[ 0.00034314],e=0.0
x=[0, 0, 0, 0],y=[1.0],out=[ 0.99761123],e=0.0
x=[-1, 0, 0, 1],y=[0.0],out=[ 0.00088651],e=0.0
x=[0, 1, 0, 0],y=[0.0],out=[ 0.00019248],e=0.0
x=[0, 0, 0, -1],y=[0.0],out=[ 0.000115],e=0.0
x=[0, 0, -1, 1],y=[1.0],out=[ 0.99814551],e=0.0
x=[0, 1, 0, 0],y=[0.0],out=[ 0.00019248],e=0.0
x=[1, 0, 1, 0],y=[0.0],out=[ 0.00015873],e=0.0
x=[0, 0, 0, 0],y=[1.0],out=[ 0.99761123],e=0.0
x=[0, 0, 0, 1],y=[0.0],out=[ 0.00034985],e=0.0
x=[1, -1, 1, 1],y=[0.0],out=[ 0.00034314],e=0.0
x=[0, 0, 0, 0],y=[1.0],out=[ 0.99761123],e=0.0
x=[0, 1, 0, -1],y=[0.0],out=[ 0.00544198],e=0.0
x=[0, 0, 0, 0],y=[1.0],out=[ 0.99761123],e=0.0
x=[-1, 0, 1, 1],y=[0.0],out=[ 0.00028339],e=0.0
max e = 0.0189871783808, maxout = [[-1, -1, 1, 1], [0.0], array([ 0.01898718])]
ll = [4, 8, 7, 6, 1]
x=[1, -1, 1, 1],y=[0.0],out=[  9.41855588e-05],e=0.0
x=[0, 0, 0, 0],y=[1.0],out=[ 0.99751701],e=0.0
x=[-1, 0, 0, 1],y=[0.0],out=[ 0.00153306],e=0.0
x=[0, 1, 0, 0],y=[0.0],out=[ 0.0004902],e=0.0
x=[0, 0, 0, -1],y=[0.0],out=[ 0.00389616],e=0.0
x=[0, 0, -1, 1],y=[1.0],out=[ 0.99176469],e=0.0
x=[0, 1, 0, 0],y=[0.0],out=[ 0.0004902],e=0.0
x=[1, 0, 1, 0],y=[0.0],out=[ 0.00037548],e=0.0
x=[0, 0, 0, 0],y=[1.0],out=[ 0.99751701],e=0.0
x=[0, 0, 0, 1],y=[0.0],out=[ 0.00236313],e=0.0
x=[1, -1, 1, 1],y=[0.0],out=[  9.41855588e-05],e=0.0
x=[0, 0, 0, 0],y=[1.0],out=[ 0.99751701],e=0.0
x=[0, 1, 0, -1],y=[0.0],out=[ 0.01217589],e=0.0
x=[0, 0, 0, 0],y=[1.0],out=[ 0.99751701],e=0.0
x=[-1, 0, 1, 1],y=[0.0],out=[ 0.00440736],e=0.0
max e = 0.025427360606, maxout = [[1, -1, 1, -1], [1.0], array([ 0.97457264])]
[] second iter
x=[1, -1, 1, 1],y=[0.0],out=[  5.83890806e-05],e=0.0
x=[0, 0, 0, 0],y=[1.0],out=[ 0.99839011],e=0.0
x=[-1, 0, 0, 1],y=[0.0],out=[ 0.00093965],e=0.0
x=[0, 1, 0, 0],y=[0.0],out=[ 0.00031833],e=0.0
x=[0, 0, 0, -1],y=[0.0],out=[ 0.00254961],e=0.0
x=[0, 0, -1, 1],y=[1.0],out=[ 0.99472008],e=0.0
x=[0, 1, 0, 0],y=[0.0],out=[ 0.00031833],e=0.0
x=[1, 0, 1, 0],y=[0.0],out=[ 0.00024563],e=0.0
x=[0, 0, 0, 0],y=[1.0],out=[ 0.99839011],e=0.0
x=[0, 0, 0, 1],y=[0.0],out=[ 0.00146606],e=0.0
x=[1, -1, 1, 1],y=[0.0],out=[  5.83890806e-05],e=0.0
x=[0, 0, 0, 0],y=[1.0],out=[ 0.99839011],e=0.0
x=[0, 1, 0, -1],y=[0.0],out=[ 0.00793032],e=0.0
x=[0, 0, 0, 0],y=[1.0],out=[ 0.99839011],e=0.0
x=[-1, 0, 1, 1],y=[0.0],out=[ 0.00274082],e=0.0
max e = 0.0167668030287, maxout = [[1, -1, 1, -1], [1.0], array([ 0.9832332])]
ll = [4, 8, 1]
x=[1, -1, 1, 1],y=[0.0],out=[  1.89160336e-05],e=0.0
x=[0, 0, 0, 0],y=[1.0],out=[ 0.99837263],e=0.0
x=[-1, 0, 0, 1],y=[0.0],out=[ 0.00334298],e=0.0
x=[0, 1, 0, 0],y=[0.0],out=[ 0.0006595],e=0.0
x=[0, 0, 0, -1],y=[0.0],out=[ 0.00230335],e=0.0
x=[0, 0, -1, 1],y=[1.0],out=[ 0.9861471],e=0.0
x=[0, 1, 0, 0],y=[0.0],out=[ 0.0006595],e=0.0
x=[1, 0, 1, 0],y=[0.0],out=[ 0.00210653],e=0.0
x=[0, 0, 0, 0],y=[1.0],out=[ 0.99837263],e=0.0
x=[0, 0, 0, 1],y=[0.0],out=[ 0.01155006],e=0.0
x=[1, -1, 1, 1],y=[0.0],out=[  1.89160336e-05],e=0.0
x=[0, 0, 0, 0],y=[1.0],out=[ 0.99837263],e=0.0
x=[0, 1, 0, -1],y=[0.0],out=[ 0.02486614],e=0.0
x=[0, 0, 0, 0],y=[1.0],out=[ 0.99837263],e=0.0
x=[-1, 0, 1, 1],y=[0.0],out=[ 0.00017742],e=0.0
max e = 0.0604050572748, maxout = [[1, -1, -1, 1], [1.0], array([ 0.93959494])]
[] second iter
x=[1, -1, 1, 1],y=[0.0],out=[  8.55892286e-06],e=0.0
x=[0, 0, 0, 0],y=[1.0],out=[ 0.99893292],e=0.0
x=[-1, 0, 0, 1],y=[0.0],out=[ 0.00218738],e=0.0
x=[0, 1, 0, 0],y=[0.0],out=[ 0.00035301],e=0.0
x=[0, 0, 0, -1],y=[0.0],out=[ 0.00089981],e=0.0
x=[0, 0, -1, 1],y=[1.0],out=[ 0.99040659],e=0.0
x=[0, 1, 0, 0],y=[0.0],out=[ 0.00035301],e=0.0
x=[1, 0, 1, 0],y=[0.0],out=[ 0.00113422],e=0.0
x=[0, 0, 0, 0],y=[1.0],out=[ 0.99893292],e=0.0
x=[0, 0, 0, 1],y=[0.0],out=[ 0.00709871],e=0.0
x=[1, -1, 1, 1],y=[0.0],out=[  8.55892286e-06],e=0.0
x=[0, 0, 0, 0],y=[1.0],out=[ 0.99893292],e=0.0
x=[0, 1, 0, -1],y=[0.0],out=[ 0.01569008],e=0.0
x=[0, 0, 0, 0],y=[1.0],out=[ 0.99893292],e=0.0
x=[-1, 0, 1, 1],y=[0.0],out=[ 0.00013822],e=0.0
max e = 0.0366798065815, maxout = [[1, -1, -1, 1], [1.0], array([ 0.96332019])]
ll = [4, 16, 1]
x=[1, -1, 1, 1],y=[0.0],out=[  2.77672231e-06],e=0.0
x=[0, 0, 0, 0],y=[1.0],out=[ 0.99032918],e=0.0
x=[-1, 0, 0, 1],y=[0.0],out=[ 0.00451386],e=0.0
x=[0, 1, 0, 0],y=[0.0],out=[ 0.01045942],e=0.0
x=[0, 0, 0, -1],y=[0.0],out=[ 0.00712853],e=0.0
x=[0, 0, -1, 1],y=[1.0],out=[ 0.983734],e=0.0
x=[0, 1, 0, 0],y=[0.0],out=[ 0.01045942],e=0.0
x=[1, 0, 1, 0],y=[0.0],out=[ 0.00031361],e=0.0
x=[0, 0, 0, 0],y=[1.0],out=[ 0.99032918],e=0.0
x=[0, 0, 0, 1],y=[0.0],out=[ 0.00151928],e=0.0
x=[1, -1, 1, 1],y=[0.0],out=[  2.77672231e-06],e=0.0
x=[0, 0, 0, 0],y=[1.0],out=[ 0.99032918],e=0.0
x=[0, 1, 0, -1],y=[0.0],out=[ 0.02348144],e=0.0
x=[0, 0, 0, 0],y=[1.0],out=[ 0.99032918],e=0.0
x=[-1, 0, 1, 1],y=[0.0],out=[ 0.00287283],e=0.0
max e = 0.0764063080864, maxout = [[-1, 1, -1, 1], [1.0], array([ 0.92359369])]
[] second iter
x=[1, -1, 1, 1],y=[0.0],out=[  1.08050497e-06],e=0.0
x=[0, 0, 0, 0],y=[1.0],out=[ 0.99356587],e=0.0
x=[-1, 0, 0, 1],y=[0.0],out=[ 0.00326074],e=0.0
x=[0, 1, 0, 0],y=[0.0],out=[ 0.00669726],e=0.0
x=[0, 0, 0, -1],y=[0.0],out=[ 0.00425215],e=0.0
x=[0, 0, -1, 1],y=[1.0],out=[ 0.98951505],e=0.0
x=[0, 1, 0, 0],y=[0.0],out=[ 0.00669726],e=0.0
x=[1, 0, 1, 0],y=[0.0],out=[ 0.00016644],e=0.0
x=[0, 0, 0, 0],y=[1.0],out=[ 0.99356587],e=0.0
x=[0, 0, 0, 1],y=[0.0],out=[ 0.00073025],e=0.0
x=[1, -1, 1, 1],y=[0.0],out=[  1.08050497e-06],e=0.0
x=[0, 0, 0, 0],y=[1.0],out=[ 0.99356587],e=0.0
x=[0, 1, 0, -1],y=[0.0],out=[ 0.01582229],e=0.0
x=[0, 0, 0, 0],y=[1.0],out=[ 0.99356587],e=0.0
x=[-1, 0, 1, 1],y=[0.0],out=[ 0.00198074],e=0.0
max e = 0.0520991690597, maxout = [[-1, 1, -1, 1], [1.0], array([ 0.94790083])]
ll = [4, 8, 16, 1]
x=[1, -1, 1, 1],y=[0.0],out=[ 0.00059699],e=0.0
x=[0, 0, 0, 0],y=[1.0],out=[ 0.99681428],e=0.0
x=[-1, 0, 0, 1],y=[0.0],out=[ 0.00058196],e=0.0
x=[0, 1, 0, 0],y=[0.0],out=[ 0.00386707],e=0.0
x=[0, 0, 0, -1],y=[0.0],out=[ 0.00066522],e=0.0
x=[0, 0, -1, 1],y=[1.0],out=[ 0.99523603],e=0.0
x=[0, 1, 0, 0],y=[0.0],out=[ 0.00386707],e=0.0
x=[1, 0, 1, 0],y=[0.0],out=[  3.96324118e-06],e=0.0
x=[0, 0, 0, 0],y=[1.0],out=[ 0.99681428],e=0.0
x=[0, 0, 0, 1],y=[0.0],out=[ 0.00072147],e=0.0
x=[1, -1, 1, 1],y=[0.0],out=[ 0.00059699],e=0.0
x=[0, 0, 0, 0],y=[1.0],out=[ 0.99681428],e=0.0
x=[0, 1, 0, -1],y=[0.0],out=[ 0.01391335],e=0.0
x=[0, 0, 0, 0],y=[1.0],out=[ 0.99681428],e=0.0
x=[-1, 0, 1, 1],y=[0.0],out=[ 0.00023012],e=0.0
max e = 0.0435356753421, maxout = [[-1, 1, -1, 1], [1.0], array([ 0.95646432])]
[] second iter
x=[1, -1, 1, 1],y=[0.0],out=[ 0.00032256],e=0.0
x=[0, 0, 0, 0],y=[1.0],out=[ 0.99769448],e=0.0
x=[-1, 0, 0, 1],y=[0.0],out=[ 0.00034025],e=0.0
x=[0, 1, 0, 0],y=[0.0],out=[ 0.00252718],e=0.0
x=[0, 0, 0, -1],y=[0.0],out=[ 0.00031024],e=0.0
x=[0, 0, -1, 1],y=[1.0],out=[ 0.99725533],e=0.0
x=[0, 1, 0, 0],y=[0.0],out=[ 0.00252718],e=0.0
x=[1, 0, 1, 0],y=[0.0],out=[  2.17025901e-06],e=0.0
x=[0, 0, 0, 0],y=[1.0],out=[ 0.99769448],e=0.0
x=[0, 0, 0, 1],y=[0.0],out=[ 0.00043959],e=0.0
x=[1, -1, 1, 1],y=[0.0],out=[ 0.00032256],e=0.0
x=[0, 0, 0, 0],y=[1.0],out=[ 0.99769448],e=0.0
x=[0, 1, 0, -1],y=[0.0],out=[ 0.00899839],e=0.0
x=[0, 0, 0, 0],y=[1.0],out=[ 0.99769448],e=0.0
x=[-1, 0, 1, 1],y=[0.0],out=[ 0.00014074],e=0.0
max e = 0.0277888278497, maxout = [[-1, 1, -1, 1], [1.0], array([ 0.97221117])]
ll = [4, 8, 12, 16, 1]
x=[1, -1, 1, 1],y=[0.0],out=[  6.68780755e-06],e=0.0
x=[0, 0, 0, 0],y=[1.0],out=[ 0.99965162],e=0.0
x=[-1, 0, 0, 1],y=[0.0],out=[ 0.00028266],e=0.0
x=[0, 1, 0, 0],y=[0.0],out=[ 0.00065731],e=0.0
x=[0, 0, 0, -1],y=[0.0],out=[ 0.00207377],e=0.0
x=[0, 0, -1, 1],y=[1.0],out=[ 0.99746445],e=0.0
x=[0, 1, 0, 0],y=[0.0],out=[ 0.00065731],e=0.0
x=[1, 0, 1, 0],y=[0.0],out=[  5.72091754e-06],e=0.0
x=[0, 0, 0, 0],y=[1.0],out=[ 0.99965162],e=0.0
x=[0, 0, 0, 1],y=[0.0],out=[ 0.00045683],e=0.0
x=[1, -1, 1, 1],y=[0.0],out=[  6.68780755e-06],e=0.0
x=[0, 0, 0, 0],y=[1.0],out=[ 0.99965162],e=0.0
x=[0, 1, 0, -1],y=[0.0],out=[ 0.01073817],e=0.0
x=[0, 0, 0, 0],y=[1.0],out=[ 0.99965162],e=0.0
x=[-1, 0, 1, 1],y=[0.0],out=[  2.76113247e-05],e=0.0
max e = 0.0272587180929, maxout = [[1, -1, 1, -1], [1.0], array([ 0.97274128])]
[] second iter
x=[1, -1, 1, 1],y=[0.0],out=[  4.31757750e-06],e=0.0
x=[0, 0, 0, 0],y=[1.0],out=[ 0.99978574],e=0.0
x=[-1, 0, 0, 1],y=[0.0],out=[ 0.00017408],e=0.0
x=[0, 1, 0, 0],y=[0.0],out=[ 0.00041856],e=0.0
x=[0, 0, 0, -1],y=[0.0],out=[ 0.00130448],e=0.0
x=[0, 0, -1, 1],y=[1.0],out=[ 0.99841523],e=0.0
x=[0, 1, 0, 0],y=[0.0],out=[ 0.00041856],e=0.0
x=[1, 0, 1, 0],y=[0.0],out=[  3.75589017e-06],e=0.0
x=[0, 0, 0, 0],y=[1.0],out=[ 0.99978574],e=0.0
x=[0, 0, 0, 1],y=[0.0],out=[ 0.00025136],e=0.0
x=[1, -1, 1, 1],y=[0.0],out=[  4.31757750e-06],e=0.0
x=[0, 0, 0, 0],y=[1.0],out=[ 0.99978574],e=0.0
x=[0, 1, 0, -1],y=[0.0],out=[ 0.00692377],e=0.0
x=[0, 0, 0, 0],y=[1.0],out=[ 0.99978574],e=0.0
x=[-1, 0, 1, 1],y=[0.0],out=[  1.90627777e-05],e=0.0
max e = 0.0173747695154, maxout = [[1, -1, 1, -1], [1.0], array([ 0.98262523])]
ll = [4, 16, 12, 8, 4, 1]
x=[1, -1, 1, 1],y=[0.0],out=[ 0.00302348],e=0.0
x=[0, 0, 0, 0],y=[1.0],out=[ 0.99261661],e=0.0
x=[-1, 0, 0, 1],y=[0.0],out=[ 0.00303711],e=0.0
x=[0, 1, 0, 0],y=[0.0],out=[ 0.00384941],e=0.0
x=[0, 0, 0, -1],y=[0.0],out=[ 0.00314013],e=0.0
x=[0, 0, -1, 1],y=[1.0],out=[ 0.98947464],e=0.0
x=[0, 1, 0, 0],y=[0.0],out=[ 0.00384941],e=0.0
x=[1, 0, 1, 0],y=[0.0],out=[ 0.00285552],e=0.0
x=[0, 0, 0, 0],y=[1.0],out=[ 0.99261661],e=0.0
x=[0, 0, 0, 1],y=[0.0],out=[ 0.00417794],e=0.0
x=[1, -1, 1, 1],y=[0.0],out=[ 0.00302348],e=0.0
x=[0, 0, 0, 0],y=[1.0],out=[ 0.99261661],e=0.0
x=[0, 1, 0, -1],y=[0.0],out=[ 0.00943817],e=0.0
x=[0, 0, 0, 0],y=[1.0],out=[ 0.99261661],e=0.0
x=[-1, 0, 1, 1],y=[0.0],out=[ 0.00414598],e=0.0
max e = 0.0187173039152, maxout = [[1, -1, -1, 1], [1.0], array([ 0.9812827])]
[] second iter
x=[1, -1, 1, 1],y=[0.0],out=[ 0.00205041],e=0.0
x=[0, 0, 0, 0],y=[1.0],out=[ 0.99505723],e=0.0
x=[-1, 0, 0, 1],y=[0.0],out=[ 0.00197371],e=0.0
x=[0, 1, 0, 0],y=[0.0],out=[ 0.00259364],e=0.0
x=[0, 0, 0, -1],y=[0.0],out=[ 0.00206866],e=0.0
x=[0, 0, -1, 1],y=[1.0],out=[ 0.9931003],e=0.0
x=[0, 1, 0, 0],y=[0.0],out=[ 0.00259364],e=0.0
x=[1, 0, 1, 0],y=[0.0],out=[ 0.00193877],e=0.0
x=[0, 0, 0, 0],y=[1.0],out=[ 0.99505723],e=0.0
x=[0, 0, 0, 1],y=[0.0],out=[ 0.00277485],e=0.0
x=[1, -1, 1, 1],y=[0.0],out=[ 0.00205041],e=0.0
x=[0, 0, 0, 0],y=[1.0],out=[ 0.99505723],e=0.0
x=[0, 1, 0, -1],y=[0.0],out=[ 0.00616461],e=0.0
x=[0, 0, 0, 0],y=[1.0],out=[ 0.99505723],e=0.0
x=[-1, 0, 1, 1],y=[0.0],out=[ 0.00280463],e=0.0
max e = 0.0119940594869, maxout = [[1, -1, 1, -1], [1.0], array([ 0.98800594])]
