ll = [4, 1]
x=[-1, 1, -1, 0],y=[0.0],out=[ 0.1928398],e=0.0
x=[0, 1, 1, 0],y=[0.0],out=[ 0.20783981],e=0.0
x=[1, -1, 0, 1],y=[0.0],out=[ 0.21766295],e=0.0
x=[1, 0, 0, 1],y=[0.0],out=[ 0.20860418],e=0.0
x=[0, -1, 1, 0],y=[1.0],out=[ 0.22618975],e=1.0
x=[1, -1, 1, -1],y=[1.0],out=[ 0.22761939],e=1.0
x=[0, 0, 1, 0],y=[0.0],out=[ 0.21687448],e=0.0
x=[-1, 0, 0, -1],y=[0.0],out=[ 0.20981911],e=0.0
x=[0, -1, 0, 0],y=[0.0],out=[ 0.21828885],e=0.0
x=[1, 0, 0, 1],y=[0.0],out=[ 0.20860418],e=0.0
x=[0, 1, 0, 1],y=[0.0],out=[ 0.19946836],e=0.0
x=[0, 0, 0, 0],y=[1.0],out=[ 0.209211],e=1.0
x=[0, 0, -1, 1],y=[1.0],out=[ 0.20079831],e=1.0
x=[0, -1, 0, 0],y=[0.0],out=[ 0.21828885],e=0.0
x=[1, 0, 0, 1],y=[0.0],out=[ 0.20860418],e=0.0
max e = 0.80807856229, maxout = [[-1, 1, -1, 1], [1.0], array([ 0.19192144])], avge = 0.338348401789
[] second iter
x=[-1, 1, -1, 0],y=[0.0],out=[ 0.1928398],e=0.0
x=[0, 1, 1, 0],y=[0.0],out=[ 0.20783981],e=0.0
x=[1, -1, 0, 1],y=[0.0],out=[ 0.21766295],e=0.0
x=[1, 0, 0, 1],y=[0.0],out=[ 0.20860418],e=0.0
x=[0, -1, 1, 0],y=[1.0],out=[ 0.22618975],e=1.0
x=[1, -1, 1, -1],y=[1.0],out=[ 0.22761939],e=1.0
x=[0, 0, 1, 0],y=[0.0],out=[ 0.21687448],e=0.0
x=[-1, 0, 0, -1],y=[0.0],out=[ 0.20981911],e=0.0
x=[0, -1, 0, 0],y=[0.0],out=[ 0.21828885],e=0.0
x=[1, 0, 0, 1],y=[0.0],out=[ 0.20860418],e=0.0
x=[0, 1, 0, 1],y=[0.0],out=[ 0.19946836],e=0.0
x=[0, 0, 0, 0],y=[1.0],out=[ 0.209211],e=1.0
x=[0, 0, -1, 1],y=[1.0],out=[ 0.20079831],e=1.0
x=[0, -1, 0, 0],y=[0.0],out=[ 0.21828885],e=0.0
x=[1, 0, 0, 1],y=[0.0],out=[ 0.20860418],e=0.0
max e = 0.80807856229, maxout = [[-1, 1, -1, 1], [1.0], array([ 0.19192144])], avge = 0.338348401789
ll = [4, 4, 1]
x=[-1, 1, -1, 0],y=[0.0],out=[ 0.00258004],e=0.0
x=[0, 1, 1, 0],y=[0.0],out=[ 0.0217158],e=0.0
x=[1, -1, 0, 1],y=[0.0],out=[ 0.01262243],e=0.0
x=[1, 0, 0, 1],y=[0.0],out=[ 0.02180099],e=0.0
x=[0, -1, 1, 0],y=[1.0],out=[ 0.87779749],e=0.0
x=[1, -1, 1, -1],y=[1.0],out=[ 0.88296077],e=0.0
x=[0, 0, 1, 0],y=[0.0],out=[ 0.01195887],e=0.0
x=[-1, 0, 0, -1],y=[0.0],out=[  1.42069692e-05],e=0.0
x=[0, -1, 0, 0],y=[0.0],out=[ 0.0206497],e=0.0
x=[1, 0, 0, 1],y=[0.0],out=[ 0.02180099],e=0.0
x=[0, 1, 0, 1],y=[0.0],out=[ 0.00021729],e=0.0
x=[0, 0, 0, 0],y=[1.0],out=[ 0.97856003],e=0.0
x=[0, 0, -1, 1],y=[1.0],out=[ 0.94430103],e=0.0
x=[0, -1, 0, 0],y=[0.0],out=[ 0.0206497],e=0.0
x=[1, 0, 0, 1],y=[0.0],out=[ 0.02180099],e=0.0
max e = 0.998862227669, maxout = [[0, 1, -1, 0], [1.0], array([ 0.00113777])], avge = 0.0326725249226
[] second iter
x=[-1, 1, -1, 0],y=[0.0],out=[ 0.03256502],e=0.0
x=[0, 1, 1, 0],y=[0.0],out=[ 0.00133651],e=0.0
x=[1, -1, 0, 1],y=[0.0],out=[ 0.00067158],e=0.0
x=[1, 0, 0, 1],y=[0.0],out=[ 0.0020166],e=0.0
x=[0, -1, 1, 0],y=[1.0],out=[ 0.93111189],e=0.0
x=[1, -1, 1, -1],y=[1.0],out=[ 0.94000072],e=0.0
x=[0, 0, 1, 0],y=[0.0],out=[ 0.005479],e=0.0
x=[-1, 0, 0, -1],y=[0.0],out=[  1.99999781e-06],e=0.0
x=[0, -1, 0, 0],y=[0.0],out=[ 0.00031354],e=0.0
x=[1, 0, 0, 1],y=[0.0],out=[ 0.0020166],e=0.0
x=[0, 1, 0, 1],y=[0.0],out=[  3.69580723e-05],e=0.0
x=[0, 0, 0, 0],y=[1.0],out=[ 0.98615893],e=0.0
x=[0, 0, -1, 1],y=[1.0],out=[ 0.98643556],e=0.0
x=[0, -1, 0, 0],y=[0.0],out=[ 0.00031354],e=0.0
x=[1, 0, 0, 1],y=[0.0],out=[ 0.0020166],e=0.0
max e = 0.0821656599568, maxout = [[1, -1, 0, -1], [0.0], array([ 0.08216566])], avge = 0.0101145284956
ll = [4, 3, 1]
x=[-1, 1, -1, 0],y=[0.0],out=[ 0.17905633],e=0.0
x=[0, 1, 1, 0],y=[0.0],out=[  2.41601526e-06],e=0.0
x=[1, -1, 0, 1],y=[0.0],out=[  1.07881944e-06],e=0.0
x=[1, 0, 0, 1],y=[0.0],out=[ 0.01199521],e=0.0
x=[0, -1, 1, 0],y=[1.0],out=[ 0.9305516],e=0.0
x=[1, -1, 1, -1],y=[1.0],out=[ 0.00692312],e=1.0
x=[0, 0, 1, 0],y=[0.0],out=[ 0.0014292],e=0.0
x=[-1, 0, 0, -1],y=[0.0],out=[ 0.00032257],e=0.0
x=[0, -1, 0, 0],y=[0.0],out=[ 0.0180245],e=0.0
x=[1, 0, 0, 1],y=[0.0],out=[ 0.01199521],e=0.0
x=[0, 1, 0, 1],y=[0.0],out=[  2.44961343e-06],e=0.0
x=[0, 0, 0, 0],y=[1.0],out=[ 0.99454505],e=0.0
x=[0, 0, -1, 1],y=[1.0],out=[ 0.96863098],e=0.0
x=[0, -1, 0, 0],y=[0.0],out=[ 0.0180245],e=0.0
x=[1, 0, 0, 1],y=[0.0],out=[ 0.01199521],e=0.0
max e = 0.999998321688, maxout = [[1, -1, -1, 1], [1.0], array([  1.67831154e-06])], avge = 0.0588982783559
[] second iter
x=[-1, 1, -1, 0],y=[0.0],out=[ 0.00243435],e=0.0
x=[0, 1, 1, 0],y=[0.0],out=[  2.02665045e-06],e=0.0
x=[1, -1, 0, 1],y=[0.0],out=[  3.13128360e-05],e=0.0
x=[1, 0, 0, 1],y=[0.0],out=[ 0.01431846],e=0.0
x=[0, -1, 1, 0],y=[1.0],out=[ 0.90904548],e=0.0
x=[1, -1, 1, -1],y=[1.0],out=[ 0.04536689],e=1.0
x=[0, 0, 1, 0],y=[0.0],out=[ 0.00070129],e=0.0
x=[-1, 0, 0, -1],y=[0.0],out=[  7.00333146e-06],e=0.0
x=[0, -1, 0, 0],y=[0.0],out=[ 0.0516174],e=0.0
x=[1, 0, 0, 1],y=[0.0],out=[ 0.01431846],e=0.0
x=[0, 1, 0, 1],y=[0.0],out=[  5.71775859e-06],e=0.0
x=[0, 0, 0, 0],y=[1.0],out=[ 0.98883592],e=0.0
x=[0, 0, -1, 1],y=[1.0],out=[ 0.93747568],e=0.0
x=[0, -1, 0, 0],y=[0.0],out=[ 0.0516174],e=0.0
x=[1, 0, 0, 1],y=[0.0],out=[ 0.01431846],e=0.0
max e = 0.97945434357, maxout = [[1, -1, -1, 1], [1.0], array([ 0.02054566])], avge = 0.041741926595
ll = [4, 3, 2, 1]
x=[-1, 1, -1, 0],y=[0.0],out=[ 0.05634609],e=0.0
x=[0, 1, 1, 0],y=[0.0],out=[ 0.00042047],e=0.0
x=[1, -1, 0, 1],y=[0.0],out=[ 0.00183864],e=0.0
x=[1, 0, 0, 1],y=[0.0],out=[ 0.00585935],e=0.0
x=[0, -1, 1, 0],y=[1.0],out=[ 0.95952909],e=0.0
x=[1, -1, 1, -1],y=[1.0],out=[ 0.87871394],e=0.0
x=[0, 0, 1, 0],y=[0.0],out=[ 0.00097359],e=0.0
x=[-1, 0, 0, -1],y=[0.0],out=[ 0.00260881],e=0.0
x=[0, -1, 0, 0],y=[0.0],out=[ 0.06263419],e=0.0
x=[1, 0, 0, 1],y=[0.0],out=[ 0.00585935],e=0.0
x=[0, 1, 0, 1],y=[0.0],out=[ 0.00693587],e=0.0
x=[0, 0, 0, 0],y=[1.0],out=[ 0.99342723],e=0.0
x=[0, 0, -1, 1],y=[1.0],out=[ 0.04943593],e=1.0
x=[0, -1, 0, 0],y=[0.0],out=[ 0.06263419],e=0.0
x=[1, 0, 0, 1],y=[0.0],out=[ 0.00585935],e=0.0
max e = 0.963154925956, maxout = [[1, -1, -1, 1], [1.0], array([ 0.03684507])], avge = 0.0389077820898
[] second iter
x=[-1, 1, -1, 0],y=[0.0],out=[ 0.00032179],e=0.0
x=[0, 1, 1, 0],y=[0.0],out=[  3.74710304e-05],e=0.0
x=[1, -1, 0, 1],y=[0.0],out=[  3.09564539e-05],e=0.0
x=[1, 0, 0, 1],y=[0.0],out=[  4.12829670e-05],e=0.0
x=[0, -1, 1, 0],y=[1.0],out=[ 0.97642922],e=0.0
x=[1, -1, 1, -1],y=[1.0],out=[ 0.95192335],e=0.0
x=[0, 0, 1, 0],y=[0.0],out=[  3.83461355e-05],e=0.0
x=[-1, 0, 0, -1],y=[0.0],out=[ 0.00029903],e=0.0
x=[0, -1, 0, 0],y=[0.0],out=[ 0.00047284],e=0.0
x=[1, 0, 0, 1],y=[0.0],out=[  4.12829670e-05],e=0.0
x=[0, 1, 0, 1],y=[0.0],out=[  4.11190980e-05],e=0.0
x=[0, 0, 0, 0],y=[1.0],out=[ 0.99906666],e=0.0
x=[0, 0, -1, 1],y=[1.0],out=[ 0.98402345],e=0.0
x=[0, -1, 0, 0],y=[0.0],out=[ 0.00047284],e=0.0
x=[1, 0, 0, 1],y=[0.0],out=[  4.12829670e-05],e=0.0
max e = 0.0480766505822, maxout = [[1, -1, 1, -1], [1.0], array([ 0.95192335])], avge = 0.00328868156399
ll = [4, 4, 4, 4, 1]
x=[-1, 1, -1, 0],y=[0.0],out=[ 0.00345686],e=0.0
x=[0, 1, 1, 0],y=[0.0],out=[ 0.00121871],e=0.0
x=[1, -1, 0, 1],y=[0.0],out=[ 0.00253685],e=0.0
x=[1, 0, 0, 1],y=[0.0],out=[ 0.00231694],e=0.0
x=[0, -1, 1, 0],y=[1.0],out=[ 0.98114518],e=0.0
x=[1, -1, 1, -1],y=[1.0],out=[ 0.95368717],e=0.0
x=[0, 0, 1, 0],y=[0.0],out=[ 0.00183923],e=0.0
x=[-1, 0, 0, -1],y=[0.0],out=[ 0.00051776],e=0.0
x=[0, -1, 0, 0],y=[0.0],out=[ 0.00664387],e=0.0
x=[1, 0, 0, 1],y=[0.0],out=[ 0.00231694],e=0.0
x=[0, 1, 0, 1],y=[0.0],out=[ 0.00148743],e=0.0
x=[0, 0, 0, 0],y=[1.0],out=[ 0.99660854],e=0.0
x=[0, 0, -1, 1],y=[1.0],out=[ 0.995585],e=0.0
x=[0, -1, 0, 0],y=[0.0],out=[ 0.00664387],e=0.0
x=[1, 0, 0, 1],y=[0.0],out=[ 0.00231694],e=0.0
max e = 0.0463128315216, maxout = [[1, -1, 1, -1], [1.0], array([ 0.95368717])], avge = 0.00408843250061
[] second iter
x=[-1, 1, -1, 0],y=[0.0],out=[ 0.00193937],e=0.0
x=[0, 1, 1, 0],y=[0.0],out=[ 0.0008089],e=0.0
x=[1, -1, 0, 1],y=[0.0],out=[ 0.00171302],e=0.0
x=[1, 0, 0, 1],y=[0.0],out=[ 0.0016185],e=0.0
x=[0, -1, 1, 0],y=[1.0],out=[ 0.98792127],e=0.0
x=[1, -1, 1, -1],y=[1.0],out=[ 0.9710666],e=0.0
x=[0, 0, 1, 0],y=[0.0],out=[ 0.00123368],e=0.0
x=[-1, 0, 0, -1],y=[0.0],out=[ 0.00035651],e=0.0
x=[0, -1, 0, 0],y=[0.0],out=[ 0.00420791],e=0.0
x=[1, 0, 0, 1],y=[0.0],out=[ 0.0016185],e=0.0
x=[0, 1, 0, 1],y=[0.0],out=[ 0.00102448],e=0.0
x=[0, 0, 0, 0],y=[1.0],out=[ 0.99778289],e=0.0
x=[0, 0, -1, 1],y=[1.0],out=[ 0.99709821],e=0.0
x=[0, -1, 0, 0],y=[0.0],out=[ 0.00420791],e=0.0
x=[1, 0, 0, 1],y=[0.0],out=[ 0.0016185],e=0.0
max e = 0.0289333997087, maxout = [[1, -1, 1, -1], [1.0], array([ 0.9710666])], avge = 0.00264366393258
ll = [4, 8, 7, 6, 1]
x=[-1, 1, -1, 0],y=[0.0],out=[ 0.00050631],e=0.0
x=[0, 1, 1, 0],y=[0.0],out=[ 0.000388],e=0.0
x=[1, -1, 0, 1],y=[0.0],out=[ 0.00376252],e=0.0
x=[1, 0, 0, 1],y=[0.0],out=[ 0.00034581],e=0.0
x=[0, -1, 1, 0],y=[1.0],out=[ 0.97561508],e=0.0
x=[1, -1, 1, -1],y=[1.0],out=[ 0.99525984],e=0.0
x=[0, 0, 1, 0],y=[0.0],out=[ 0.00462278],e=0.0
x=[-1, 0, 0, -1],y=[0.0],out=[ 0.00037515],e=0.0
x=[0, -1, 0, 0],y=[0.0],out=[ 0.00538619],e=0.0
x=[1, 0, 0, 1],y=[0.0],out=[ 0.00034581],e=0.0
x=[0, 1, 0, 1],y=[0.0],out=[ 0.00029593],e=0.0
x=[0, 0, 0, 0],y=[1.0],out=[ 0.99441779],e=0.0
x=[0, 0, -1, 1],y=[1.0],out=[ 0.99032763],e=0.0
x=[0, -1, 0, 0],y=[0.0],out=[ 0.00538619],e=0.0
x=[1, 0, 0, 1],y=[0.0],out=[ 0.00034581],e=0.0
max e = 0.0293697079739, maxout = [[-1, 1, -1, 1], [1.0], array([ 0.97063029])], avge = 0.00383632888422
[] second iter
x=[-1, 1, -1, 0],y=[0.0],out=[ 0.00041773],e=0.0
x=[0, 1, 1, 0],y=[0.0],out=[ 0.00024099],e=0.0
x=[1, -1, 0, 1],y=[0.0],out=[ 0.00230376],e=0.0
x=[1, 0, 0, 1],y=[0.0],out=[ 0.00021252],e=0.0
x=[0, -1, 1, 0],y=[1.0],out=[ 0.98483122],e=0.0
x=[1, -1, 1, -1],y=[1.0],out=[ 0.99669673],e=0.0
x=[0, 0, 1, 0],y=[0.0],out=[ 0.00293762],e=0.0
x=[-1, 0, 0, -1],y=[0.0],out=[ 0.00026674],e=0.0
x=[0, -1, 0, 0],y=[0.0],out=[ 0.00334232],e=0.0
x=[1, 0, 0, 1],y=[0.0],out=[ 0.00021252],e=0.0
x=[0, 1, 0, 1],y=[0.0],out=[ 0.00018211],e=0.0
x=[0, 0, 0, 0],y=[1.0],out=[ 0.99610981],e=0.0
x=[0, 0, -1, 1],y=[1.0],out=[ 0.99351126],e=0.0
x=[0, -1, 0, 0],y=[0.0],out=[ 0.00334232],e=0.0
x=[1, 0, 0, 1],y=[0.0],out=[ 0.00021252],e=0.0
max e = 0.0181530846721, maxout = [[-1, 1, -1, 1], [1.0], array([ 0.98184692])], avge = 0.00255864453664
ll = [4, 8, 1]
x=[-1, 1, -1, 0],y=[0.0],out=[ 0.01479167],e=0.0
x=[0, 1, 1, 0],y=[0.0],out=[  2.77000454e-08],e=0.0
x=[1, -1, 0, 1],y=[0.0],out=[ 0.00874959],e=0.0
x=[1, 0, 0, 1],y=[0.0],out=[  2.19682687e-07],e=0.0
x=[0, -1, 1, 0],y=[1.0],out=[ 0.95148156],e=0.0
x=[1, -1, 1, -1],y=[1.0],out=[ 0.90604508],e=0.0
x=[0, 0, 1, 0],y=[0.0],out=[ 0.00628156],e=0.0
x=[-1, 0, 0, -1],y=[0.0],out=[ 0.00039574],e=0.0
x=[0, -1, 0, 0],y=[0.0],out=[ 0.01171746],e=0.0
x=[1, 0, 0, 1],y=[0.0],out=[  2.19682687e-07],e=0.0
x=[0, 1, 0, 1],y=[0.0],out=[  3.20358537e-06],e=0.0
x=[0, 0, 0, 0],y=[1.0],out=[ 0.99759438],e=0.0
x=[0, 0, -1, 1],y=[1.0],out=[ 0.97964909],e=0.0
x=[0, -1, 0, 0],y=[0.0],out=[ 0.01171746],e=0.0
x=[1, 0, 0, 1],y=[0.0],out=[  2.19682687e-07],e=0.0
max e = 0.0939549170265, maxout = [[1, -1, 1, -1], [1.0], array([ 0.90604508])], avge = 0.0109702261668
[] second iter
x=[-1, 1, -1, 0],y=[0.0],out=[ 0.00981146],e=0.0
x=[0, 1, 1, 0],y=[0.0],out=[  5.07840636e-09],e=0.0
x=[1, -1, 0, 1],y=[0.0],out=[ 0.00562326],e=0.0
x=[1, 0, 0, 1],y=[0.0],out=[  5.14775101e-08],e=0.0
x=[0, -1, 1, 0],y=[1.0],out=[ 0.96796493],e=0.0
x=[1, -1, 1, -1],y=[1.0],out=[ 0.93987767],e=0.0
x=[0, 0, 1, 0],y=[0.0],out=[ 0.00364736],e=0.0
x=[-1, 0, 0, -1],y=[0.0],out=[ 0.00018284],e=0.0
x=[0, -1, 0, 0],y=[0.0],out=[ 0.0078387],e=0.0
x=[1, 0, 0, 1],y=[0.0],out=[  5.14775101e-08],e=0.0
x=[0, 1, 0, 1],y=[0.0],out=[  1.07191693e-06],e=0.0
x=[0, 0, 0, 0],y=[1.0],out=[ 0.99879676],e=0.0
x=[0, 0, -1, 1],y=[1.0],out=[ 0.98788964],e=0.0
x=[0, -1, 0, 0],y=[0.0],out=[ 0.0078387],e=0.0
x=[1, 0, 0, 1],y=[0.0],out=[  5.14775101e-08],e=0.0
max e = 0.0601223287305, maxout = [[1, -1, 1, -1], [1.0], array([ 0.93987767])], avge = 0.00715606579114
ll = [4, 16, 1]
x=[-1, 1, -1, 0],y=[0.0],out=[ 0.01256953],e=0.0
x=[0, 1, 1, 0],y=[0.0],out=[ 0.00037244],e=0.0
x=[1, -1, 0, 1],y=[0.0],out=[ 0.00059112],e=0.0
x=[1, 0, 0, 1],y=[0.0],out=[ 0.00032489],e=0.0
x=[0, -1, 1, 0],y=[1.0],out=[ 0.95701126],e=0.0
x=[1, -1, 1, -1],y=[1.0],out=[ 0.95444801],e=0.0
x=[0, 0, 1, 0],y=[0.0],out=[ 0.0080129],e=0.0
x=[-1, 0, 0, -1],y=[0.0],out=[ 0.00242204],e=0.0
x=[0, -1, 0, 0],y=[0.0],out=[ 0.00437394],e=0.0
x=[1, 0, 0, 1],y=[0.0],out=[ 0.00032489],e=0.0
x=[0, 1, 0, 1],y=[0.0],out=[ 0.01362415],e=0.0
x=[0, 0, 0, 0],y=[1.0],out=[ 0.99808441],e=0.0
x=[0, 0, -1, 1],y=[1.0],out=[ 0.9853615],e=0.0
x=[0, -1, 0, 0],y=[0.0],out=[ 0.00437394],e=0.0
x=[1, 0, 0, 1],y=[0.0],out=[ 0.00032489],e=0.0
max e = 0.0639043312256, maxout = [[1, -1, -1, 1], [1.0], array([ 0.93609567])], avge = 0.00852172089131
[] second iter
x=[-1, 1, -1, 0],y=[0.0],out=[ 0.00832249],e=0.0
x=[0, 1, 1, 0],y=[0.0],out=[ 0.00017031],e=0.0
x=[1, -1, 0, 1],y=[0.0],out=[ 0.0002841],e=0.0
x=[1, 0, 0, 1],y=[0.0],out=[ 0.00013531],e=0.0
x=[0, -1, 1, 0],y=[1.0],out=[ 0.97086782],e=0.0
x=[1, -1, 1, -1],y=[1.0],out=[ 0.96934974],e=0.0
x=[0, 0, 1, 0],y=[0.0],out=[ 0.00477574],e=0.0
x=[-1, 0, 0, -1],y=[0.0],out=[ 0.00126694],e=0.0
x=[0, -1, 0, 0],y=[0.0],out=[ 0.00278052],e=0.0
x=[1, 0, 0, 1],y=[0.0],out=[ 0.00013531],e=0.0
x=[0, 1, 0, 1],y=[0.0],out=[ 0.00934045],e=0.0
x=[0, 0, 0, 0],y=[1.0],out=[ 0.99886604],e=0.0
x=[0, 0, -1, 1],y=[1.0],out=[ 0.99118143],e=0.0
x=[0, -1, 0, 0],y=[0.0],out=[ 0.00278052],e=0.0
x=[1, 0, 0, 1],y=[0.0],out=[ 0.00013531],e=0.0
max e = 0.043738906263, maxout = [[1, -1, -1, 1], [1.0], array([ 0.95626109])], avge = 0.00556872147778
ll = [4, 8, 16, 1]
x=[-1, 1, -1, 0],y=[0.0],out=[ 0.01284325],e=0.0
x=[0, 1, 1, 0],y=[0.0],out=[  7.83697142e-05],e=0.0
x=[1, -1, 0, 1],y=[0.0],out=[ 0.00119257],e=0.0
x=[1, 0, 0, 1],y=[0.0],out=[  5.96544440e-05],e=0.0
x=[0, -1, 1, 0],y=[1.0],out=[ 0.98076578],e=0.0
x=[1, -1, 1, -1],y=[1.0],out=[ 0.94732433],e=0.0
x=[0, 0, 1, 0],y=[0.0],out=[ 0.00372694],e=0.0
x=[-1, 0, 0, -1],y=[0.0],out=[  2.68139830e-06],e=0.0
x=[0, -1, 0, 0],y=[0.0],out=[ 0.00471424],e=0.0
x=[1, 0, 0, 1],y=[0.0],out=[  5.96544440e-05],e=0.0
x=[0, 1, 0, 1],y=[0.0],out=[  6.37173438e-05],e=0.0
x=[0, 0, 0, 0],y=[1.0],out=[ 0.99616855],e=0.0
x=[0, 0, -1, 1],y=[1.0],out=[ 0.9949047],e=0.0
x=[0, -1, 0, 0],y=[0.0],out=[ 0.00471424],e=0.0
x=[1, 0, 0, 1],y=[0.0],out=[  5.96544440e-05],e=0.0
max e = 0.0526756677365, maxout = [[1, -1, 1, -1], [1.0], array([ 0.94732433])], avge = 0.00394425592485
[] second iter
x=[-1, 1, -1, 0],y=[0.0],out=[ 0.0080367],e=0.0
x=[0, 1, 1, 0],y=[0.0],out=[  4.03816567e-05],e=0.0
x=[1, -1, 0, 1],y=[0.0],out=[ 0.0005727],e=0.0
x=[1, 0, 0, 1],y=[0.0],out=[  2.99956845e-05],e=0.0
x=[0, -1, 1, 0],y=[1.0],out=[ 0.98724017],e=0.0
x=[1, -1, 1, -1],y=[1.0],out=[ 0.96471654],e=0.0
x=[0, 0, 1, 0],y=[0.0],out=[ 0.00240486],e=0.0
x=[-1, 0, 0, -1],y=[0.0],out=[  8.76979466e-07],e=0.0
x=[0, -1, 0, 0],y=[0.0],out=[ 0.00284607],e=0.0
x=[1, 0, 0, 1],y=[0.0],out=[  2.99956845e-05],e=0.0
x=[0, 1, 0, 1],y=[0.0],out=[  3.25756807e-05],e=0.0
x=[0, 0, 0, 0],y=[1.0],out=[ 0.99771519],e=0.0
x=[0, 0, -1, 1],y=[1.0],out=[ 0.99696946],e=0.0
x=[0, -1, 0, 0],y=[0.0],out=[ 0.00284607],e=0.0
x=[1, 0, 0, 1],y=[0.0],out=[  2.99956845e-05],e=0.0
max e = 0.0352834580623, maxout = [[1, -1, 1, -1], [1.0], array([ 0.96471654])], avge = 0.0025294670463
ll = [4, 8, 12, 16, 1]
x=[-1, 1, -1, 0],y=[0.0],out=[ 0.01981985],e=0.0
x=[0, 1, 1, 0],y=[0.0],out=[  2.50752350e-05],e=0.0
x=[1, -1, 0, 1],y=[0.0],out=[  2.04337819e-05],e=0.0
x=[1, 0, 0, 1],y=[0.0],out=[ 0.00033016],e=0.0
x=[0, -1, 1, 0],y=[1.0],out=[ 0.98612113],e=0.0
x=[1, -1, 1, -1],y=[1.0],out=[  6.92896723e-05],e=1.0
x=[0, 0, 1, 0],y=[0.0],out=[ 0.00118485],e=0.0
x=[-1, 0, 0, -1],y=[0.0],out=[  1.25727129e-05],e=0.0
x=[0, -1, 0, 0],y=[0.0],out=[ 0.00144736],e=0.0
x=[1, 0, 0, 1],y=[0.0],out=[ 0.00033016],e=0.0
x=[0, 1, 0, 1],y=[0.0],out=[  2.07071680e-05],e=0.0
x=[0, 0, 0, 0],y=[1.0],out=[ 0.99976501],e=0.0
x=[0, 0, -1, 1],y=[1.0],out=[ 0.99777505],e=0.0
x=[0, -1, 0, 0],y=[0.0],out=[ 0.00144736],e=0.0
x=[1, 0, 0, 1],y=[0.0],out=[ 0.00033016],e=0.0
max e = 0.99999854915, maxout = [[1, -1, -1, 1], [1.0], array([  1.45084970e-06])], avge = 0.0201242238937
[] second iter
x=[-1, 1, -1, 0],y=[0.0],out=[ 0.01022967],e=0.0
x=[0, 1, 1, 0],y=[0.0],out=[  1.02993772e-05],e=0.0
x=[1, -1, 0, 1],y=[0.0],out=[  1.10920072e-05],e=0.0
x=[1, 0, 0, 1],y=[0.0],out=[ 0.00015328],e=0.0
x=[0, -1, 1, 0],y=[1.0],out=[ 0.99293961],e=0.0
x=[1, -1, 1, -1],y=[1.0],out=[ 0.00011166],e=1.0
x=[0, 0, 1, 0],y=[0.0],out=[ 0.0005192],e=0.0
x=[-1, 0, 0, -1],y=[0.0],out=[  4.83615411e-06],e=0.0
x=[0, -1, 0, 0],y=[0.0],out=[ 0.00100782],e=0.0
x=[1, 0, 0, 1],y=[0.0],out=[ 0.00015328],e=0.0
x=[0, 1, 0, 1],y=[0.0],out=[  9.28807461e-06],e=0.0
x=[0, 0, 0, 0],y=[1.0],out=[ 0.99989348],e=0.0
x=[0, 0, -1, 1],y=[1.0],out=[ 0.99839462],e=0.0
x=[0, -1, 0, 0],y=[0.0],out=[ 0.00100782],e=0.0
x=[1, 0, 0, 1],y=[0.0],out=[ 0.00015328],e=0.0
max e = 0.999999156859, maxout = [[1, -1, -1, 1], [1.0], array([  8.43141348e-07])], avge = 0.0188771380668
ll = [4, 16, 12, 8, 4, 1]
x=[-1, 1, -1, 0],y=[0.0],out=[ 0.00332608],e=0.0
x=[0, 1, 1, 0],y=[0.0],out=[ 0.00032481],e=0.0
x=[1, -1, 0, 1],y=[0.0],out=[ 0.00135774],e=0.0
x=[1, 0, 0, 1],y=[0.0],out=[ 0.00041756],e=0.0
x=[0, -1, 1, 0],y=[1.0],out=[ 0.99144917],e=0.0
x=[1, -1, 1, -1],y=[1.0],out=[ 0.98321315],e=0.0
x=[0, 0, 1, 0],y=[0.0],out=[ 0.00172445],e=0.0
x=[-1, 0, 0, -1],y=[0.0],out=[ 0.00123133],e=0.0
x=[0, -1, 0, 0],y=[0.0],out=[ 0.00418899],e=0.0
x=[1, 0, 0, 1],y=[0.0],out=[ 0.00041756],e=0.0
x=[0, 1, 0, 1],y=[0.0],out=[ 0.000391],e=0.0
x=[0, 0, 0, 0],y=[1.0],out=[ 0.99701699],e=0.0
x=[0, 0, -1, 1],y=[1.0],out=[ 0.99520834],e=0.0
x=[0, -1, 0, 0],y=[0.0],out=[ 0.00418899],e=0.0
x=[1, 0, 0, 1],y=[0.0],out=[ 0.00041756],e=0.0
max e = 0.0181490095431, maxout = [[1, -1, -1, 1], [1.0], array([ 0.98185099])], avge = 0.00280198237268
[] second iter
x=[-1, 1, -1, 0],y=[0.0],out=[ 0.00229085],e=0.0
x=[0, 1, 1, 0],y=[0.0],out=[ 0.00024228],e=0.0
x=[1, -1, 0, 1],y=[0.0],out=[ 0.00097788],e=0.0
x=[1, 0, 0, 1],y=[0.0],out=[ 0.00030899],e=0.0
x=[0, -1, 1, 0],y=[1.0],out=[ 0.99418541],e=0.0
x=[1, -1, 1, -1],y=[1.0],out=[ 0.98851287],e=0.0
x=[0, 0, 1, 0],y=[0.0],out=[ 0.00117096],e=0.0
x=[-1, 0, 0, -1],y=[0.0],out=[ 0.00087121],e=0.0
x=[0, -1, 0, 0],y=[0.0],out=[ 0.00286158],e=0.0
x=[1, 0, 0, 1],y=[0.0],out=[ 0.00030899],e=0.0
x=[0, 1, 0, 1],y=[0.0],out=[ 0.00029024],e=0.0
x=[0, 0, 0, 0],y=[1.0],out=[ 0.99795451],e=0.0
x=[0, 0, -1, 1],y=[1.0],out=[ 0.996742],e=0.0
x=[0, -1, 0, 0],y=[0.0],out=[ 0.00286158],e=0.0
x=[1, 0, 0, 1],y=[0.0],out=[ 0.00030899],e=0.0
max e = 0.0119160496945, maxout = [[-1, 1, -1, 1], [1.0], array([ 0.98808395])], avge = 0.00191464307791
ll = [4, 1]
x=[-1, 1, -1, 0],y=[0.0],out=[ 0.1928398],e=0.0
x=[0, 1, 1, 0],y=[0.0],out=[ 0.20783981],e=0.0
x=[1, -1, 0, 1],y=[0.0],out=[ 0.21766295],e=0.0
x=[1, 0, 0, 1],y=[0.0],out=[ 0.20860418],e=0.0
x=[0, -1, 1, 0],y=[1.0],out=[ 0.22618975],e=1.0
x=[1, -1, 1, -1],y=[1.0],out=[ 0.22761939],e=1.0
x=[0, 0, 1, 0],y=[0.0],out=[ 0.21687448],e=0.0
x=[-1, 0, 0, -1],y=[0.0],out=[ 0.20981911],e=0.0
x=[0, -1, 0, 0],y=[0.0],out=[ 0.21828885],e=0.0
x=[1, 0, 0, 1],y=[0.0],out=[ 0.20860418],e=0.0
x=[0, 1, 0, 1],y=[0.0],out=[ 0.19946836],e=0.0
x=[0, 0, 0, 0],y=[1.0],out=[ 0.209211],e=1.0
x=[0, 0, -1, 1],y=[1.0],out=[ 0.20079831],e=1.0
x=[0, -1, 0, 0],y=[0.0],out=[ 0.21828885],e=0.0
x=[1, 0, 0, 1],y=[0.0],out=[ 0.20860418],e=0.0
max e = 0.80807856229, maxout = [[-1, 1, -1, 1], [1.0], array([ 0.19192144])], avge = 0.338348401789
[] second iter
x=[-1, 1, -1, 0],y=[0.0],out=[ 0.1928398],e=0.0
x=[0, 1, 1, 0],y=[0.0],out=[ 0.20783981],e=0.0
x=[1, -1, 0, 1],y=[0.0],out=[ 0.21766295],e=0.0
x=[1, 0, 0, 1],y=[0.0],out=[ 0.20860418],e=0.0
x=[0, -1, 1, 0],y=[1.0],out=[ 0.22618975],e=1.0
x=[1, -1, 1, -1],y=[1.0],out=[ 0.22761939],e=1.0
x=[0, 0, 1, 0],y=[0.0],out=[ 0.21687448],e=0.0
x=[-1, 0, 0, -1],y=[0.0],out=[ 0.20981911],e=0.0
x=[0, -1, 0, 0],y=[0.0],out=[ 0.21828885],e=0.0
x=[1, 0, 0, 1],y=[0.0],out=[ 0.20860418],e=0.0
x=[0, 1, 0, 1],y=[0.0],out=[ 0.19946836],e=0.0
x=[0, 0, 0, 0],y=[1.0],out=[ 0.209211],e=1.0
x=[0, 0, -1, 1],y=[1.0],out=[ 0.20079831],e=1.0
x=[0, -1, 0, 0],y=[0.0],out=[ 0.21828885],e=0.0
x=[1, 0, 0, 1],y=[0.0],out=[ 0.20860418],e=0.0
max e = 0.80807856229, maxout = [[-1, 1, -1, 1], [1.0], array([ 0.19192144])], avge = 0.338348401789
ll = [4, 4, 1]
x=[-1, 1, -1, 0],y=[0.0],out=[ 0.03743422],e=0.0
x=[0, 1, 1, 0],y=[0.0],out=[  1.12355645e-05],e=0.0
x=[1, -1, 0, 1],y=[0.0],out=[  2.37359648e-06],e=0.0
x=[1, 0, 0, 1],y=[0.0],out=[ 0.0041169],e=0.0
x=[0, -1, 1, 0],y=[1.0],out=[ 0.93487755],e=0.0
x=[1, -1, 1, -1],y=[1.0],out=[ 0.00072901],e=1.0
x=[0, 0, 1, 0],y=[0.0],out=[  7.87783888e-05],e=0.0
x=[-1, 0, 0, -1],y=[0.0],out=[ 0.00114652],e=0.0
x=[0, -1, 0, 0],y=[0.0],out=[ 0.02262385],e=0.0
x=[1, 0, 0, 1],y=[0.0],out=[ 0.0041169],e=0.0
x=[0, 1, 0, 1],y=[0.0],out=[ 0.014306],e=0.0
x=[0, 0, 0, 0],y=[1.0],out=[ 0.98265908],e=0.0
x=[0, 0, -1, 1],y=[1.0],out=[ 0.90457478],e=0.0
x=[0, -1, 0, 0],y=[0.0],out=[ 0.02262385],e=0.0
x=[1, 0, 0, 1],y=[0.0],out=[ 0.0041169],e=0.0
max e = 0.999995242813, maxout = [[-1, 1, 1, -1], [1.0], array([  4.75718674e-06])], avge = 0.0336356297661
[] second iter
x=[-1, 1, -1, 0],y=[0.0],out=[ 0.02075972],e=0.0
x=[0, 1, 1, 0],y=[0.0],out=[  9.67605923e-06],e=0.0
x=[1, -1, 0, 1],y=[0.0],out=[  3.77327090e-07],e=0.0
x=[1, 0, 0, 1],y=[0.0],out=[ 0.00293015],e=0.0
x=[0, -1, 1, 0],y=[1.0],out=[ 0.96148173],e=0.0
x=[1, -1, 1, -1],y=[1.0],out=[ 0.00046096],e=1.0
x=[0, 0, 1, 0],y=[0.0],out=[  1.70578052e-05],e=0.0
x=[-1, 0, 0, -1],y=[0.0],out=[ 0.00061448],e=0.0
x=[0, -1, 0, 0],y=[0.0],out=[ 0.01447208],e=0.0
x=[1, 0, 0, 1],y=[0.0],out=[ 0.00293015],e=0.0
x=[0, 1, 0, 1],y=[0.0],out=[ 0.01017123],e=0.0
x=[0, 0, 0, 0],y=[1.0],out=[ 0.99061562],e=0.0
x=[0, 0, -1, 1],y=[1.0],out=[ 0.94478869],e=0.0
x=[0, -1, 0, 0],y=[0.0],out=[ 0.01447208],e=0.0
x=[1, 0, 0, 1],y=[0.0],out=[ 0.00293015],e=0.0
max e = 0.999998802311, maxout = [[-1, 1, 1, -1], [1.0], array([  1.19768861e-06])], avge = 0.0271713318634
ll = [4, 3, 1]
x=[-1, 1, -1, 0],y=[0.0],out=[ 0.01927933],e=0.0
x=[0, 1, 1, 0],y=[0.0],out=[ 0.00503883],e=0.0
x=[1, -1, 0, 1],y=[0.0],out=[ 0.01883056],e=0.0
x=[1, 0, 0, 1],y=[0.0],out=[ 0.00506183],e=0.0
x=[0, -1, 1, 0],y=[1.0],out=[ 0.92038393],e=0.0
x=[1, -1, 1, -1],y=[1.0],out=[ 0.870942],e=0.0
x=[0, 0, 1, 0],y=[0.0],out=[ 0.0090254],e=0.0
x=[-1, 0, 0, -1],y=[0.0],out=[  2.31897361e-06],e=0.0
x=[0, -1, 0, 0],y=[0.0],out=[ 0.00856028],e=0.0
x=[1, 0, 0, 1],y=[0.0],out=[ 0.00506183],e=0.0
x=[0, 1, 0, 1],y=[0.0],out=[ 0.00504461],e=0.0
x=[0, 0, 0, 0],y=[1.0],out=[ 0.99598175],e=0.0
x=[0, 0, -1, 1],y=[1.0],out=[ 0.99277483],e=0.0
x=[0, -1, 0, 0],y=[0.0],out=[ 0.00856028],e=0.0
x=[1, 0, 0, 1],y=[0.0],out=[ 0.00506183],e=0.0
max e = 0.160472248434, maxout = [[-1, 1, -1, 1], [1.0], array([ 0.83952775])], avge = 0.0124259313186
[] second iter
x=[-1, 1, -1, 0],y=[0.0],out=[ 0.01382562],e=0.0
x=[0, 1, 1, 0],y=[0.0],out=[ 0.00345543],e=0.0
x=[1, -1, 0, 1],y=[0.0],out=[ 0.01003369],e=0.0
x=[1, 0, 0, 1],y=[0.0],out=[ 0.00346522],e=0.0
x=[0, -1, 1, 0],y=[1.0],out=[ 0.94880203],e=0.0
x=[1, -1, 1, -1],y=[1.0],out=[ 0.91902234],e=0.0
x=[0, 0, 1, 0],y=[0.0],out=[ 0.00554282],e=0.0
x=[-1, 0, 0, -1],y=[0.0],out=[  2.06427326e-07],e=0.0
x=[0, -1, 0, 0],y=[0.0],out=[ 0.00545317],e=0.0
x=[1, 0, 0, 1],y=[0.0],out=[ 0.00346522],e=0.0
x=[0, 1, 0, 1],y=[0.0],out=[ 0.00345694],e=0.0
x=[0, 0, 0, 0],y=[1.0],out=[ 0.99795327],e=0.0
x=[0, 0, -1, 1],y=[1.0],out=[ 0.99643993],e=0.0
x=[0, -1, 0, 0],y=[0.0],out=[ 0.00545317],e=0.0
x=[1, 0, 0, 1],y=[0.0],out=[ 0.00346522],e=0.0
max e = 0.105570968999, maxout = [[-1, 1, -1, 1], [1.0], array([ 0.89442903])], avge = 0.00777807218444
ll = [4, 3, 2, 1]
x=[-1, 1, -1, 0],y=[0.0],out=[ 0.01612382],e=0.0
x=[0, 1, 1, 0],y=[0.0],out=[ 0.00100166],e=0.0
x=[1, -1, 0, 1],y=[0.0],out=[ 0.00354204],e=0.0
x=[1, 0, 0, 1],y=[0.0],out=[ 0.00879338],e=0.0
x=[0, -1, 1, 0],y=[1.0],out=[ 0.96225825],e=0.0
x=[1, -1, 1, -1],y=[1.0],out=[ 0.38112705],e=1.0
x=[0, 0, 1, 0],y=[0.0],out=[ 0.00115398],e=0.0
x=[-1, 0, 0, -1],y=[0.0],out=[ 0.0010589],e=0.0
x=[0, -1, 0, 0],y=[0.0],out=[ 0.02377669],e=0.0
x=[1, 0, 0, 1],y=[0.0],out=[ 0.00879338],e=0.0
x=[0, 1, 0, 1],y=[0.0],out=[ 0.00875196],e=0.0
x=[0, 0, 0, 0],y=[1.0],out=[ 0.99746479],e=0.0
x=[0, 0, -1, 1],y=[1.0],out=[ 0.00097454],e=1.0
x=[0, -1, 0, 0],y=[0.0],out=[ 0.02377669],e=0.0
x=[1, 0, 0, 1],y=[0.0],out=[ 0.00879338],e=0.0
max e = 0.999025462772, maxout = [[0, 0, -1, 1], [1.0], array([ 0.00097454])], avge = 0.0550306796402
[] second iter
x=[-1, 1, -1, 0],y=[0.0],out=[ 0.00075398],e=0.0
x=[0, 1, 1, 0],y=[0.0],out=[ 0.00013523],e=0.0
x=[1, -1, 0, 1],y=[0.0],out=[ 0.0001966],e=0.0
x=[1, 0, 0, 1],y=[0.0],out=[ 0.00018674],e=0.0
x=[0, -1, 1, 0],y=[1.0],out=[ 0.97111375],e=0.0
x=[1, -1, 1, -1],y=[1.0],out=[ 0.95161838],e=0.0
x=[0, 0, 1, 0],y=[0.0],out=[ 0.00015012],e=0.0
x=[-1, 0, 0, -1],y=[0.0],out=[ 0.00037139],e=0.0
x=[0, -1, 0, 0],y=[0.0],out=[ 0.00103499],e=0.0
x=[1, 0, 0, 1],y=[0.0],out=[ 0.00018674],e=0.0
x=[0, 1, 0, 1],y=[0.0],out=[ 0.00018828],e=0.0
x=[0, 0, 0, 0],y=[1.0],out=[ 0.99987162],e=0.0
x=[0, 0, -1, 1],y=[1.0],out=[ 0.99892711],e=0.0
x=[0, -1, 0, 0],y=[0.0],out=[ 0.00103499],e=0.0
x=[1, 0, 0, 1],y=[0.0],out=[ 0.00018674],e=0.0
max e = 0.0513212332245, maxout = [[-1, 1, -1, 1], [1.0], array([ 0.94867877])], avge = 0.00318440737138
ll = [4, 4, 4, 4, 1]
x=[-1, 1, -1, 0],y=[0.0],out=[ 0.04461935],e=0.0
x=[0, 1, 1, 0],y=[0.0],out=[ 0.03727967],e=0.0
x=[1, -1, 0, 1],y=[0.0],out=[ 0.0196779],e=0.0
x=[1, 0, 0, 1],y=[0.0],out=[ 0.02689032],e=0.0
x=[0, -1, 1, 0],y=[1.0],out=[ 0.95709952],e=0.0
x=[1, -1, 1, -1],y=[1.0],out=[ 0.02040707],e=1.0
x=[0, 0, 1, 0],y=[0.0],out=[ 0.03180369],e=0.0
x=[-1, 0, 0, -1],y=[0.0],out=[ 0.04005906],e=0.0
x=[0, -1, 0, 0],y=[0.0],out=[ 0.0377951],e=0.0
x=[1, 0, 0, 1],y=[0.0],out=[ 0.02689032],e=0.0
x=[0, 1, 0, 1],y=[0.0],out=[ 0.04068251],e=0.0
x=[0, 0, 0, 0],y=[1.0],out=[ 0.98671812],e=0.0
x=[0, 0, -1, 1],y=[1.0],out=[ 0.99854964],e=0.0
x=[0, -1, 0, 0],y=[0.0],out=[ 0.0377951],e=0.0
x=[1, 0, 0, 1],y=[0.0],out=[ 0.02689032],e=0.0
max e = 0.980399652941, maxout = [[0, 1, -1, 0], [1.0], array([ 0.01960035])], avge = 0.0555261926244
[] second iter
x=[-1, 1, -1, 0],y=[0.0],out=[ 0.02076682],e=0.0
x=[0, 1, 1, 0],y=[0.0],out=[ 0.01725607],e=0.0
x=[1, -1, 0, 1],y=[0.0],out=[ 0.01754236],e=0.0
x=[1, 0, 0, 1],y=[0.0],out=[ 0.0060142],e=0.0
x=[0, -1, 1, 0],y=[1.0],out=[ 0.96397965],e=0.0
x=[1, -1, 1, -1],y=[1.0],out=[ 0.92179907],e=0.0
x=[0, 0, 1, 0],y=[0.0],out=[ 0.00216634],e=0.0
x=[-1, 0, 0, -1],y=[0.0],out=[ 0.01656757],e=0.0
x=[0, -1, 0, 0],y=[0.0],out=[ 0.0132939],e=0.0
x=[1, 0, 0, 1],y=[0.0],out=[ 0.0060142],e=0.0
x=[0, 1, 0, 1],y=[0.0],out=[ 0.02245854],e=0.0
x=[0, 0, 0, 0],y=[1.0],out=[ 0.9931251],e=0.0
x=[0, 0, -1, 1],y=[1.0],out=[ 0.9790606],e=0.0
x=[0, -1, 0, 0],y=[0.0],out=[ 0.0132939],e=0.0
x=[1, 0, 0, 1],y=[0.0],out=[ 0.0060142],e=0.0
max e = 0.0897667049669, maxout = [[-1, 1, -1, 1], [1.0], array([ 0.9102333])], avge = 0.0112317282373
ll = [4, 8, 7, 6, 1]
x=[-1, 1, -1, 0],y=[0.0],out=[ 0.00682566],e=0.0
x=[0, 1, 1, 0],y=[0.0],out=[ 0.00028101],e=0.0
x=[1, -1, 0, 1],y=[0.0],out=[ 0.00045286],e=0.0
x=[1, 0, 0, 1],y=[0.0],out=[ 0.00021694],e=0.0
x=[0, -1, 1, 0],y=[1.0],out=[ 0.98721235],e=0.0
x=[1, -1, 1, -1],y=[1.0],out=[ 0.97372096],e=0.0
x=[0, 0, 1, 0],y=[0.0],out=[ 0.00352901],e=0.0
x=[-1, 0, 0, -1],y=[0.0],out=[ 0.00031659],e=0.0
x=[0, -1, 0, 0],y=[0.0],out=[ 0.00066801],e=0.0
x=[1, 0, 0, 1],y=[0.0],out=[ 0.00021694],e=0.0
x=[0, 1, 0, 1],y=[0.0],out=[ 0.00020624],e=0.0
x=[0, 0, 0, 0],y=[1.0],out=[ 0.99778101],e=0.0
x=[0, 0, -1, 1],y=[1.0],out=[ 0.99505716],e=0.0
x=[0, -1, 0, 0],y=[0.0],out=[ 0.00066801],e=0.0
x=[1, 0, 0, 1],y=[0.0],out=[ 0.00021694],e=0.0
max e = 0.0262790432439, maxout = [[1, -1, 1, -1], [1.0], array([ 0.97372096])], avge = 0.00275259527534
[] second iter
x=[-1, 1, -1, 0],y=[0.0],out=[ 0.00458632],e=0.0
x=[0, 1, 1, 0],y=[0.0],out=[ 0.00020337],e=0.0
x=[1, -1, 0, 1],y=[0.0],out=[ 0.00029538],e=0.0
x=[1, 0, 0, 1],y=[0.0],out=[ 0.00015885],e=0.0
x=[0, -1, 1, 0],y=[1.0],out=[ 0.99144086],e=0.0
x=[1, -1, 1, -1],y=[1.0],out=[ 0.9829873],e=0.0
x=[0, 0, 1, 0],y=[0.0],out=[ 0.00215912],e=0.0
x=[-1, 0, 0, -1],y=[0.0],out=[ 0.00021695],e=0.0
x=[0, -1, 0, 0],y=[0.0],out=[ 0.00047662],e=0.0
x=[1, 0, 0, 1],y=[0.0],out=[ 0.00015885],e=0.0
x=[0, 1, 0, 1],y=[0.0],out=[ 0.00015328],e=0.0
x=[0, 0, 0, 0],y=[1.0],out=[ 0.99840739],e=0.0
x=[0, 0, -1, 1],y=[1.0],out=[ 0.9968127],e=0.0
x=[0, -1, 0, 0],y=[0.0],out=[ 0.00047662],e=0.0
x=[1, 0, 0, 1],y=[0.0],out=[ 0.00015885],e=0.0
max e = 0.0170127022752, maxout = [[1, -1, 1, -1], [1.0], array([ 0.9829873])], avge = 0.00184299021827
ll = [4, 8, 1]
x=[-1, 1, -1, 0],y=[0.0],out=[ 0.02875813],e=0.0
x=[0, 1, 1, 0],y=[0.0],out=[  3.97921234e-06],e=0.0
x=[1, -1, 0, 1],y=[0.0],out=[ 0.01560502],e=0.0
x=[1, 0, 0, 1],y=[0.0],out=[  4.38063494e-06],e=0.0
x=[0, -1, 1, 0],y=[1.0],out=[ 0.96058642],e=0.0
x=[1, -1, 1, -1],y=[1.0],out=[ 0.89865543],e=0.0
x=[0, 0, 1, 0],y=[0.0],out=[ 0.01142858],e=0.0
x=[-1, 0, 0, -1],y=[0.0],out=[ 0.00044905],e=0.0
x=[0, -1, 0, 0],y=[0.0],out=[ 0.01255093],e=0.0
x=[1, 0, 0, 1],y=[0.0],out=[  4.38063494e-06],e=0.0
x=[0, 1, 0, 1],y=[0.0],out=[  4.90835622e-06],e=0.0
x=[0, 0, 0, 0],y=[1.0],out=[ 0.99161024],e=0.0
x=[0, 0, -1, 1],y=[1.0],out=[ 0.98618769],e=0.0
x=[0, -1, 0, 0],y=[0.0],out=[ 0.01255093],e=0.0
x=[1, 0, 0, 1],y=[0.0],out=[  4.38063494e-06],e=0.0
max e = 0.101344574634, maxout = [[1, -1, 1, -1], [1.0], array([ 0.89865543])], avge = 0.00986528354835
[] second iter
x=[-1, 1, -1, 0],y=[0.0],out=[ 0.02224479],e=0.0
x=[0, 1, 1, 0],y=[0.0],out=[  1.71348456e-06],e=0.0
x=[1, -1, 0, 1],y=[0.0],out=[ 0.01053973],e=0.0
x=[1, 0, 0, 1],y=[0.0],out=[  1.91376307e-06],e=0.0
x=[0, -1, 1, 0],y=[1.0],out=[ 0.97396387],e=0.0
x=[1, -1, 1, -1],y=[1.0],out=[ 0.93672144],e=0.0
x=[0, 0, 1, 0],y=[0.0],out=[ 0.00735458],e=0.0
x=[-1, 0, 0, -1],y=[0.0],out=[ 0.00022686],e=0.0
x=[0, -1, 0, 0],y=[0.0],out=[ 0.0082099],e=0.0
x=[1, 0, 0, 1],y=[0.0],out=[  1.91376307e-06],e=0.0
x=[0, 1, 0, 1],y=[0.0],out=[  2.07492319e-06],e=0.0
x=[0, 0, 0, 0],y=[1.0],out=[ 0.99433439],e=0.0
x=[0, 0, -1, 1],y=[1.0],out=[ 0.9908815],e=0.0
x=[0, -1, 0, 0],y=[0.0],out=[ 0.0082099],e=0.0
x=[1, 0, 0, 1],y=[0.0],out=[  1.91376307e-06],e=0.0
max e = 0.0632785616099, maxout = [[1, -1, 1, -1], [1.0], array([ 0.93672144])], avge = 0.00646601514335
ll = [4, 16, 1]
x=[-1, 1, -1, 0],y=[0.0],out=[ 0.0476251],e=0.0
x=[0, 1, 1, 0],y=[0.0],out=[ 0.00212047],e=0.0
x=[1, -1, 0, 1],y=[0.0],out=[ 0.00076387],e=0.0
x=[1, 0, 0, 1],y=[0.0],out=[ 0.00150352],e=0.0
x=[0, -1, 1, 0],y=[1.0],out=[ 0.95794055],e=0.0
x=[1, -1, 1, -1],y=[1.0],out=[ 0.99199046],e=0.0
x=[0, 0, 1, 0],y=[0.0],out=[ 0.00599254],e=0.0
x=[-1, 0, 0, -1],y=[0.0],out=[  4.59146343e-05],e=0.0
x=[0, -1, 0, 0],y=[0.0],out=[ 0.00707831],e=0.0
x=[1, 0, 0, 1],y=[0.0],out=[ 0.00150352],e=0.0
x=[0, 1, 0, 1],y=[0.0],out=[ 0.03050539],e=0.0
x=[0, 0, 0, 0],y=[1.0],out=[ 0.99294931],e=0.0
x=[0, 0, -1, 1],y=[1.0],out=[ 0.98132345],e=0.0
x=[0, -1, 0, 0],y=[0.0],out=[ 0.00707831],e=0.0
x=[1, 0, 0, 1],y=[0.0],out=[ 0.00150352],e=0.0
max e = 0.114039342312, maxout = [[1, -1, -1, 1], [1.0], array([ 0.88596066])], avge = 0.00927154396676
[] second iter
x=[-1, 1, -1, 0],y=[0.0],out=[ 0.03164903],e=0.0
x=[0, 1, 1, 0],y=[0.0],out=[ 0.00137791],e=0.0
x=[1, -1, 0, 1],y=[0.0],out=[ 0.0005533],e=0.0
x=[1, 0, 0, 1],y=[0.0],out=[ 0.0013071],e=0.0
x=[0, -1, 1, 0],y=[1.0],out=[ 0.97304905],e=0.0
x=[1, -1, 1, -1],y=[1.0],out=[ 0.99505601],e=0.0
x=[0, 0, 1, 0],y=[0.0],out=[ 0.00353014],e=0.0
x=[-1, 0, 0, -1],y=[0.0],out=[  1.88150708e-05],e=0.0
x=[0, -1, 0, 0],y=[0.0],out=[ 0.00443153],e=0.0
x=[1, 0, 0, 1],y=[0.0],out=[ 0.0013071],e=0.0
x=[0, 1, 0, 1],y=[0.0],out=[ 0.02022502],e=0.0
x=[0, 0, 0, 0],y=[1.0],out=[ 0.99547089],e=0.0
x=[0, 0, -1, 1],y=[1.0],out=[ 0.98570061],e=0.0
x=[0, -1, 0, 0],y=[0.0],out=[ 0.00443153],e=0.0
x=[1, 0, 0, 1],y=[0.0],out=[ 0.0013071],e=0.0
max e = 0.0645419191784, maxout = [[1, -1, -1, 1], [1.0], array([ 0.93545808])], avge = 0.00593562522895
ll = [4, 8, 16, 1]
x=[-1, 1, -1, 0],y=[0.0],out=[ 0.00446166],e=0.0
x=[0, 1, 1, 0],y=[0.0],out=[ 0.00026396],e=0.0
x=[1, -1, 0, 1],y=[0.0],out=[ 0.00559994],e=0.0
x=[1, 0, 0, 1],y=[0.0],out=[ 0.00258248],e=0.0
x=[0, -1, 1, 0],y=[1.0],out=[ 0.97290206],e=0.0
x=[1, -1, 1, -1],y=[1.0],out=[ 0.96572335],e=0.0
x=[0, 0, 1, 0],y=[0.0],out=[ 0.00451499],e=0.0
x=[-1, 0, 0, -1],y=[0.0],out=[  8.81479587e-06],e=0.0
x=[0, -1, 0, 0],y=[0.0],out=[ 0.00221071],e=0.0
x=[1, 0, 0, 1],y=[0.0],out=[ 0.00258248],e=0.0
x=[0, 1, 0, 1],y=[0.0],out=[ 0.00210374],e=0.0
x=[0, 0, 0, 0],y=[1.0],out=[ 0.99940983],e=0.0
x=[0, 0, -1, 1],y=[1.0],out=[ 0.99735413],e=0.0
x=[0, -1, 0, 0],y=[0.0],out=[ 0.00221071],e=0.0
x=[1, 0, 0, 1],y=[0.0],out=[ 0.00258248],e=0.0
max e = 0.0575125919414, maxout = [[-1, 1, -1, 1], [1.0], array([ 0.94248741])], avge = 0.00366189582448
[] second iter
x=[-1, 1, -1, 0],y=[0.0],out=[ 0.00291353],e=0.0
x=[0, 1, 1, 0],y=[0.0],out=[ 0.00016347],e=0.0
x=[1, -1, 0, 1],y=[0.0],out=[ 0.00260913],e=0.0
x=[1, 0, 0, 1],y=[0.0],out=[ 0.00141764],e=0.0
x=[0, -1, 1, 0],y=[1.0],out=[ 0.98339288],e=0.0
x=[1, -1, 1, -1],y=[1.0],out=[ 0.97912687],e=0.0
x=[0, 0, 1, 0],y=[0.0],out=[ 0.00292672],e=0.0
x=[-1, 0, 0, -1],y=[0.0],out=[  4.37023686e-06],e=0.0
x=[0, -1, 0, 0],y=[0.0],out=[ 0.00133077],e=0.0
x=[1, 0, 0, 1],y=[0.0],out=[ 0.00141764],e=0.0
x=[0, 1, 0, 1],y=[0.0],out=[ 0.00168425],e=0.0
x=[0, 0, 0, 0],y=[1.0],out=[ 0.99962315],e=0.0
x=[0, 0, -1, 1],y=[1.0],out=[ 0.99848951],e=0.0
x=[0, -1, 0, 0],y=[0.0],out=[ 0.00133077],e=0.0
x=[1, 0, 0, 1],y=[0.0],out=[ 0.00141764],e=0.0
max e = 0.0350052177307, maxout = [[-1, 1, -1, 1], [1.0], array([ 0.96499478])], avge = 0.00223274743589
ll = [4, 8, 12, 16, 1]
x=[-1, 1, -1, 0],y=[0.0],out=[ 0.00635413],e=0.0
x=[0, 1, 1, 0],y=[0.0],out=[ 0.00034838],e=0.0
x=[1, -1, 0, 1],y=[0.0],out=[ 0.0012778],e=0.0
x=[1, 0, 0, 1],y=[0.0],out=[ 0.00025384],e=0.0
x=[0, -1, 1, 0],y=[1.0],out=[ 0.98548024],e=0.0
x=[1, -1, 1, -1],y=[1.0],out=[ 0.97214841],e=0.0
x=[0, 0, 1, 0],y=[0.0],out=[ 0.00165789],e=0.0
x=[-1, 0, 0, -1],y=[0.0],out=[  3.21485931e-05],e=0.0
x=[0, -1, 0, 0],y=[0.0],out=[ 0.00229045],e=0.0
x=[1, 0, 0, 1],y=[0.0],out=[ 0.00025384],e=0.0
x=[0, 1, 0, 1],y=[0.0],out=[ 0.00030388],e=0.0
x=[0, 0, 0, 0],y=[1.0],out=[ 0.99962475],e=0.0
x=[0, 0, -1, 1],y=[1.0],out=[ 0.99835351],e=0.0
x=[0, -1, 0, 0],y=[0.0],out=[ 0.00229045],e=0.0
x=[1, 0, 0, 1],y=[0.0],out=[ 0.00025384],e=0.0
max e = 0.0322937140244, maxout = [[-1, 1, -1, 1], [1.0], array([ 0.96770629])], avge = 0.00227033887327
[] second iter
x=[-1, 1, -1, 0],y=[0.0],out=[ 0.00435475],e=0.0
x=[0, 1, 1, 0],y=[0.0],out=[ 0.00020403],e=0.0
x=[1, -1, 0, 1],y=[0.0],out=[ 0.00081322],e=0.0
x=[1, 0, 0, 1],y=[0.0],out=[ 0.00015152],e=0.0
x=[0, -1, 1, 0],y=[1.0],out=[ 0.99076827],e=0.0
x=[1, -1, 1, -1],y=[1.0],out=[ 0.98200666],e=0.0
x=[0, 0, 1, 0],y=[0.0],out=[ 0.00105077],e=0.0
x=[-1, 0, 0, -1],y=[0.0],out=[  1.96341271e-05],e=0.0
x=[0, -1, 0, 0],y=[0.0],out=[ 0.00150075],e=0.0
x=[1, 0, 0, 1],y=[0.0],out=[ 0.00015152],e=0.0
x=[0, 1, 0, 1],y=[0.0],out=[ 0.00018182],e=0.0
x=[0, 0, 0, 0],y=[1.0],out=[ 0.99974056],e=0.0
x=[0, 0, -1, 1],y=[1.0],out=[ 0.99882449],e=0.0
x=[0, -1, 0, 0],y=[0.0],out=[ 0.00150075],e=0.0
x=[1, 0, 0, 1],y=[0.0],out=[ 0.00015152],e=0.0
max e = 0.0205441447297, maxout = [[-1, 1, -1, 1], [1.0], array([ 0.97945586])], avge = 0.00144654825246
ll = [4, 16, 12, 8, 4, 1]
x=[-1, 1, -1, 0],y=[0.0],out=[ 0.00346059],e=0.0
x=[0, 1, 1, 0],y=[0.0],out=[ 0.0020518],e=0.0
x=[1, -1, 0, 1],y=[0.0],out=[ 0.00214502],e=0.0
x=[1, 0, 0, 1],y=[0.0],out=[ 0.00204466],e=0.0
x=[0, -1, 1, 0],y=[1.0],out=[ 0.98880933],e=0.0
x=[1, -1, 1, -1],y=[1.0],out=[ 0.98280868],e=0.0
x=[0, 0, 1, 0],y=[0.0],out=[ 0.00246346],e=0.0
x=[-1, 0, 0, -1],y=[0.0],out=[ 0.00111676],e=0.0
x=[0, -1, 0, 0],y=[0.0],out=[ 0.00384991],e=0.0
x=[1, 0, 0, 1],y=[0.0],out=[ 0.00204466],e=0.0
x=[0, 1, 0, 1],y=[0.0],out=[ 0.00221796],e=0.0
x=[0, 0, 0, 0],y=[1.0],out=[ 0.99796051],e=0.0
x=[0, 0, -1, 1],y=[1.0],out=[ 0.99601277],e=0.0
x=[0, -1, 0, 0],y=[0.0],out=[ 0.00384991],e=0.0
x=[1, 0, 0, 1],y=[0.0],out=[ 0.00204466],e=0.0
max e = 0.0185382060655, maxout = [[-1, 1, -1, 1], [1.0], array([ 0.98146179])], avge = 0.00324015743525
[] second iter
x=[-1, 1, -1, 0],y=[0.0],out=[ 0.00256114],e=0.0
x=[0, 1, 1, 0],y=[0.0],out=[ 0.00143276],e=0.0
x=[1, -1, 0, 1],y=[0.0],out=[ 0.00149445],e=0.0
x=[1, 0, 0, 1],y=[0.0],out=[ 0.00144092],e=0.0
x=[0, -1, 1, 0],y=[1.0],out=[ 0.99256751],e=0.0
x=[1, -1, 1, -1],y=[1.0],out=[ 0.98920442],e=0.0
x=[0, 0, 1, 0],y=[0.0],out=[ 0.00170742],e=0.0
x=[-1, 0, 0, -1],y=[0.0],out=[ 0.00080969],e=0.0
x=[0, -1, 0, 0],y=[0.0],out=[ 0.00263966],e=0.0
x=[1, 0, 0, 1],y=[0.0],out=[ 0.00144092],e=0.0
x=[0, 1, 0, 1],y=[0.0],out=[ 0.00154728],e=0.0
x=[0, 0, 0, 0],y=[1.0],out=[ 0.99857853],e=0.0
x=[0, 0, -1, 1],y=[1.0],out=[ 0.99721964],e=0.0
x=[0, -1, 0, 0],y=[0.0],out=[ 0.00263966],e=0.0
x=[1, 0, 0, 1],y=[0.0],out=[ 0.00144092],e=0.0
max e = 0.0120468568383, maxout = [[-1, 1, -1, 1], [1.0], array([ 0.98795314])], avge = 0.00219925023526
