>python nn\nn3.py
ll: [3, 1, 3]
[6588.055413151332, 6591.143998062274, 6582.596302208715, 6576.137144815959, 6576.780712555584, 6562.8062855650505, 6529.832908472985, 6530.712648304245, 6533.5395729468, 6534.805192798903]
x   = [1 0 0], y  = [0 0 1]
yN  = [0.00029226023562531675, 0.4971440273122372, 0.7979524750776141], yR = [0.0, 0.0, 1.0]
err = 0.536633461159
x   = [1 0 1], y  = [0 1 1]
yN  = [0.0002921436013254754, 0.4971445292893064, 0.7979632984963857], yR = [0.0, 0.0, 1.0]
err = 0.541924845828
x   = [1 0 1], y  = [0 1 1]
yN  = [0.0002921436013254754, 0.4971445292893064, 0.7979632984963857], yR = [0.0, 0.0, 1.0]
err = 0.541924845828
x   = [1 0 0], y  = [0 0 1]
yN  = [0.00029226023562531675, 0.4971440273122372, 0.7979524750776141], yR = [0.0, 0.0, 1.0]
err = 0.536633461159
x   = [0 1 0], y  = [1 0 0]
yN  = [0.9999796860975252, 0.47335439486851716, 0.14047729224673702], yR = [1.0, 0.0, 0.0]
err = 0.493759306941
ll: [3, 3, 3]
[588.4161884946234, 560.3357044952638, 532.9433181502225, 509.4605483781115, 490.3236277061331, 471.3300481832932, 452.4112093304604, 439.1946726980234, 425.2933389419967, 413.6598066976516]
x   = [1 0 0], y  = [0 0 1]
yN  = [ 0.02520597  0.02558612  0.99607964], yR = [0.0, 0.0, 1.0]
err = 0.0361297655355
x   = [1 0 1], y  = [0 1 1]
yN  = [ 0.00467538  0.9850671   0.97020877], yR = [0.0, 1.0, 1.0]
err = 0.0336506813591
x   = [1 0 1], y  = [0 1 1]
yN  = [ 0.00467538  0.9850671   0.97020877], yR = [0.0, 1.0, 1.0]
err = 0.0336506813591
x   = [1 0 0], y  = [0 0 1]
yN  = [ 0.02520597  0.02558612  0.99607964], yR = [0.0, 0.0, 1.0]
err = 0.0361297655355
x   = [0 1 0], y  = [1 0 0]
yN  = [ 0.99579586  0.01420927  0.03268359], yR = [1.0, 0.0, 0.0]
err = 0.0358858672285
ll: [3, 5, 3]
[378.12203938764753, 358.2759708093711, 342.5192187122894, 327.93591791275844, 314.34011851044335, 302.81200726686825, 292.5217175341043, 282.9555370778618, 274.1446993993842, 265.86821024823615]
x   = [1 0 0], y  = [0 0 1]
yN  = [0.0148931081825326, 0.01884694744533448, 0.9818348387266903], yR = [0.0, 0.0, 1.0]
err = 0.0301161947037
x   = [1 0 1], y  = [0 1 1]
yN  = [0.01912495549180362, 0.9861726869536483, 0.9860734239315043], yR = [0.0, 1.0, 1.0]
err = 0.0274027011376
x   = [1 0 1], y  = [0 1 1]
yN  = [0.01912495549180362, 0.9861726869536483, 0.9860734239315043], yR = [0.0, 1.0, 1.0]
err = 0.0274027011376
x   = [1 0 0], y  = [0 0 1]
yN  = [0.0148931081825326, 0.01884694744533448, 0.9818348387266903], yR = [0.0, 0.0, 1.0]
err = 0.0301161947037
x   = [0 1 0], y  = [1 0 0]
yN  = [0.9824742141953494, 0.015074511119514833, 0.01076125093015667], yR = [1.0, 0.0, 0.0]
err = 0.0254989916496
ll: [3, 4, 2, 6, 3]
[3229.6048534673123, 2837.6494397340907, 2557.447318028098, 2412.5470652572303, 2238.685827688811, 2101.704588722987, 2025.456134112716, 1916.641328518016, 1848.4798057402277, 1798.0506645277976]
x   = [1 0 0], y  = [0 0 1]
yN  = [4.416219465994682e-05, 0.011503532476712437, 0.9976480395636595], yR = [0.0, 0.0, 1.0]
err = 0.0117415896554
x   = [1 0 1], y  = [0 1 1]
yN  = [0.05124057070740157, 0.9498451293959087, 0.9981611682749694], yR = [0.0, 1.0, 1.0]
err = 0.0717250892913
x   = [1 0 1], y  = [0 1 1]
yN  = [0.05124057070740157, 0.9498451293959087, 0.9981611682749694], yR = [0.0, 1.0, 1.0]
err = 0.0717250892913
x   = [1 0 0], y  = [0 0 1]
yN  = [4.416219465994682e-05, 0.011503532476712437, 0.9976480395636595], yR = [0.0, 0.0, 1.0]
err = 0.0117415896554
x   = [0 1 0], y  = [1 0 0]
yN  = [0.9930427654937992, 0.4341203427637713, 0.020237205211468233], yR = [1.0, 0.0, 0.0]
err = 0.434647465871
