[([0.0, 1.0, 0.0], [1.0, 0.0, 0.0, 0.0, 0.0, 1.0]), ([0.0, 1.0, 1.0], [1.0, 1.0, 0.0, 1.0, 0.0, 1.0]), ([0.0, 1.0, 0.0], [1.0, 0.0, 0.0, 0.0, 0.0, 1.0]), ([0.0, 1.0, 0.0], [1.0, 0.0, 0.0, 0.0, 0.0, 1.0]), ([0.0, 1.0, 1.0], [1.0, 1.0, 0.0, 1.0, 0.0, 1.0]), ([0.0, 1.0, 1.0], [1.0, 1.0, 0.0, 1.0, 0.0, 1.0]), ([1.0, 0.0, 1.0], [0.0, 1.0, 1.0, 1.0, 1.0, 0.0]), ([1.0, 1.0, 0.0], [1.0, 0.0, 1.0, 0.0, 1.0, 1.0]), ([1.0, 0.0, 1.0], [0.0, 1.0, 1.0, 1.0, 1.0, 0.0]), ([1.0, 1.0, 0.0], [1.0, 0.0, 1.0, 0.0, 1.0, 1.0])]
ll = [3, 3, 6]
avg errors = [0.5556575171945437, 0.57138457736754256, 0.54712818795784668, 0.54017610832146845, 0.55013056808130678, 0.55717297984149494, 0.54708538754559755, 0.56169704621104666, 0.54167299899305155, 0.53918693781895299]
x = [ 0.  1.  0.], y = [ 1.  0.  0.  0.  0.  1.], out = [ 0.    0.03  0.02  0.03  0.02  0.99], err = 1.00049806503
x = [ 0.  1.  1.], y = [ 1.  1.  0.  1.  0.  1.], out = [ 0.    0.97  0.    0.98  0.01  0.97], err = 1.00098894299
x = [ 0.  1.  0.], y = [ 1.  0.  0.  0.  0.  1.], out = [ 0.    0.03  0.02  0.03  0.02  0.99], err = 1.00049806503
x = [ 0.  1.  0.], y = [ 1.  0.  0.  0.  0.  1.], out = [ 0.    0.03  0.02  0.03  0.02  0.99], err = 1.00049806503
x = [ 0.  1.  1.], y = [ 1.  1.  0.  1.  0.  1.], out = [ 0.    0.97  0.    0.98  0.01  0.97], err = 1.00098894299
x = [ 0.  1.  1.], y = [ 1.  1.  0.  1.  0.  1.], out = [ 0.    0.97  0.    0.98  0.01  0.97], err = 1.00098894299
x = [ 1.  0.  1.], y = [ 0.  1.  1.  1.  1.  0.], out = [ 0.01  0.98  0.98  0.98  0.98  0.01], err = 0.0367296747899
x = [ 1.  1.  0.], y = [ 1.  0.  1.  0.  1.  1.], out = [ 0.    0.02  0.99  0.02  0.99  0.99], err = 1.00012671512
x = [ 1.  0.  1.], y = [ 0.  1.  1.  1.  1.  0.], out = [ 0.01  0.98  0.98  0.98  0.98  0.01], err = 0.0367296747899
x = [ 1.  1.  0.], y = [ 1.  0.  1.  0.  1.  1.], out = [ 0.    0.02  0.99  0.02  0.99  0.99], err = 1.00012671512
ll = [3, 4, 6]
avg errors = [0.062180347429917411, 0.05870726914260891, 0.055685493801096969, 0.052590326894777974, 0.05058255558687616, 0.048391119346250601, 0.046922051541663956, 0.045064968967521844, 0.043570466049905943, 0.042063904557604372]
x = [ 0.  1.  0.], y = [ 1.  0.  0.  0.  0.  1.], out = [ 0.99  0.02  0.02  0.02  0.01  0.99], err = 0.0416781025859
x = [ 0.  1.  1.], y = [ 1.  1.  0.  1.  0.  1.], out = [ 0.98  0.99  0.02  0.98  0.01  0.99], err = 0.0363058725573
x = [ 0.  1.  0.], y = [ 1.  0.  0.  0.  0.  1.], out = [ 0.99  0.02  0.02  0.02  0.01  0.99], err = 0.0416781025859
x = [ 0.  1.  0.], y = [ 1.  0.  0.  0.  0.  1.], out = [ 0.99  0.02  0.02  0.02  0.01  0.99], err = 0.0416781025859
x = [ 0.  1.  1.], y = [ 1.  1.  0.  1.  0.  1.], out = [ 0.98  0.99  0.02  0.98  0.01  0.99], err = 0.0363058725573
x = [ 0.  1.  1.], y = [ 1.  1.  0.  1.  0.  1.], out = [ 0.98  0.99  0.02  0.98  0.01  0.99], err = 0.0363058725573
x = [ 1.  0.  1.], y = [ 0.  1.  1.  1.  1.  0.], out = [ 0.01  0.98  0.98  0.98  0.99  0.01], err = 0.0378117779516
x = [ 1.  1.  0.], y = [ 1.  0.  1.  0.  1.  1.], out = [ 0.98  0.01  0.98  0.02  0.98  0.99], err = 0.0386492489723
x = [ 1.  0.  1.], y = [ 0.  1.  1.  1.  1.  0.], out = [ 0.01  0.98  0.98  0.98  0.99  0.01], err = 0.0378117779516
x = [ 1.  1.  0.], y = [ 1.  0.  1.  0.  1.  1.], out = [ 0.98  0.01  0.98  0.02  0.98  0.99], err = 0.0386492489723
ll = [3, 2, 6]
avg errors = [0.44277183224525735, 0.41863467383245473, 0.40661464838602068, 0.40662294134027288, 0.39865371604281724, 0.40492350600106747, 0.37865135341052963, 0.37813519006597962, 0.36720993723417233, 0.3649436572684433]
x = [ 0.  1.  0.], y = [ 1.  0.  0.  0.  0.  1.], out = [ 1.    0.02  0.    0.02  0.    1.  ], err = 0.0279850689049
x = [ 0.  1.  1.], y = [ 1.  1.  0.  1.  0.  1.], out = [ 0.83  0.36  0.2   0.36  0.2   0.83], err = 0.978312930126
x = [ 0.  1.  0.], y = [ 1.  0.  0.  0.  0.  1.], out = [ 1.    0.02  0.    0.02  0.    1.  ], err = 0.0279850689049
x = [ 0.  1.  0.], y = [ 1.  0.  0.  0.  0.  1.], out = [ 1.    0.02  0.    0.02  0.    1.  ], err = 0.0279850689049
x = [ 0.  1.  1.], y = [ 1.  1.  0.  1.  0.  1.], out = [ 0.83  0.36  0.2   0.36  0.2   0.83], err = 0.978312930126
x = [ 0.  1.  1.], y = [ 1.  1.  0.  1.  0.  1.], out = [ 0.83  0.36  0.2   0.36  0.2   0.83], err = 0.978312930126
x = [ 1.  0.  1.], y = [ 0.  1.  1.  1.  1.  0.], out = [ 0.    0.98  1.    0.98  1.    0.  ], err = 0.0303831706985
x = [ 1.  1.  0.], y = [ 1.  0.  1.  0.  1.  1.], out = [ 1.    0.14  0.94  0.14  0.94  1.  ], err = 0.218257609668
x = [ 1.  0.  1.], y = [ 0.  1.  1.  1.  1.  0.], out = [ 0.    0.98  1.    0.98  1.    0.  ], err = 0.0303831706985
x = [ 1.  1.  0.], y = [ 1.  0.  1.  0.  1.  1.], out = [ 1.    0.14  0.94  0.14  0.94  1.  ], err = 0.218257609668
ll = [3, 3, 5, 6]
avg errors = [0.072742383875237321, 0.067159305915345927, 0.062937755838038373, 0.057110912353848971, 0.054538154775426138, 0.051117490710935187, 0.049992667306002006, 0.047277443829088744, 0.045052859183460088, 0.043018319733643624]
x = [ 0.  1.  0.], y = [ 1.  0.  0.  0.  0.  1.], out = [ 1.    0.03  0.03  0.03  0.02  1.  ], err = 0.0522423645197
x = [ 0.  1.  1.], y = [ 1.  1.  0.  1.  0.  1.], out = [ 1.    1.    0.01  1.    0.01  1.  ], err = 0.0201776784124
x = [ 0.  1.  0.], y = [ 1.  0.  0.  0.  0.  1.], out = [ 1.    0.03  0.03  0.03  0.02  1.  ], err = 0.0522423645197
x = [ 0.  1.  0.], y = [ 1.  0.  0.  0.  0.  1.], out = [ 1.    0.03  0.03  0.03  0.02  1.  ], err = 0.0522423645197
x = [ 0.  1.  1.], y = [ 1.  1.  0.  1.  0.  1.], out = [ 1.    1.    0.01  1.    0.01  1.  ], err = 0.0201776784124
x = [ 0.  1.  1.], y = [ 1.  1.  0.  1.  0.  1.], out = [ 1.    1.    0.01  1.    0.01  1.  ], err = 0.0201776784124
x = [ 1.  0.  1.], y = [ 0.  1.  1.  1.  1.  0.], out = [ 0.    0.98  0.98  0.98  0.98  0.  ], err = 0.0409195624202
x = [ 1.  1.  0.], y = [ 1.  0.  1.  0.  1.  1.], out = [ 0.99  0.    0.98  0.    0.98  0.99], err = 0.0300084036435
x = [ 1.  0.  1.], y = [ 0.  1.  1.  1.  1.  0.], out = [ 0.    0.98  0.98  0.98  0.98  0.  ], err = 0.0409195624202
x = [ 1.  1.  0.], y = [ 1.  0.  1.  0.  1.  1.], out = [ 0.99  0.    0.98  0.    0.98  0.99], err = 0.0300084036435
ll = [3, 6]
avg errors = [0.19744831277770872, 0.18649419060442979, 0.17823290609348338, 0.1691453599281682, 0.16294632803655945, 0.15628944536781345, 0.1525422690260797, 0.14681960700008329, 0.14217534524545031, 0.13738999314867628]
x = [ 0.  1.  0.], y = [ 1.  0.  0.  0.  0.  1.], out = [ 0.96  0.06  0.06  0.06  0.06  0.96], err = 0.134337198243
x = [ 0.  1.  1.], y = [ 1.  1.  0.  1.  0.  1.], out = [ 0.95  0.95  0.05  0.95  0.05  0.95], err = 0.116925237792
x = [ 0.  1.  0.], y = [ 1.  0.  0.  0.  0.  1.], out = [ 0.96  0.06  0.06  0.06  0.06  0.96], err = 0.134337198243
x = [ 0.  1.  0.], y = [ 1.  0.  0.  0.  0.  1.], out = [ 0.96  0.06  0.06  0.06  0.06  0.96], err = 0.134337198243
x = [ 0.  1.  1.], y = [ 1.  1.  0.  1.  0.  1.], out = [ 0.95  0.95  0.05  0.95  0.05  0.95], err = 0.116925237792
x = [ 0.  1.  1.], y = [ 1.  1.  0.  1.  0.  1.], out = [ 0.95  0.95  0.05  0.95  0.05  0.95], err = 0.116925237792
x = [ 1.  0.  1.], y = [ 0.  1.  1.  1.  1.  0.], out = [ 0.05  0.95  0.95  0.95  0.95  0.05], err = 0.117159321913
x = [ 1.  1.  0.], y = [ 1.  0.  1.  0.  1.  1.], out = [ 0.95  0.05  0.95  0.05  0.95  0.95], err = 0.116234471735
x = [ 1.  0.  1.], y = [ 0.  1.  1.  1.  1.  0.], out = [ 0.05  0.95  0.95  0.95  0.95  0.05], err = 0.117159321913
x = [ 1.  1.  0.], y = [ 1.  0.  1.  0.  1.  1.], out = [ 0.95  0.05  0.95  0.05  0.95  0.95], err = 0.116234471735
